{"/home/travis/build/npmtest/node-npmtest-analyze-css/test.js":{"path":"/home/travis/build/npmtest/node-npmtest-analyze-css/test.js","s":{"1":2,"2":2,"3":2,"4":2,"5":2,"6":2,"7":2,"8":1,"9":2,"10":2,"11":1,"12":1,"13":1,"14":1,"15":2,"16":2,"17":2,"18":2,"19":1,"20":1,"21":2,"22":2,"23":2,"24":1,"25":1,"26":1,"27":1,"28":1,"29":1,"30":1,"31":1,"32":1,"33":1,"34":1,"35":1,"36":1,"37":1,"38":1,"39":2,"40":2,"41":1,"42":2,"43":2,"44":1,"45":2,"46":2,"47":1,"48":2,"49":2,"50":1,"51":1,"52":1,"53":1,"54":1},"b":{"1":[2,1,1,1],"2":[1,1,1,1],"3":[1,1],"4":[1,1],"5":[1,1],"6":[1,1],"7":[1,1],"8":[1,1],"9":[1,1],"10":[1,1,1],"11":[1,1],"12":[1,1],"13":[1,1],"14":[1,1],"15":[1,1],"16":[1,1],"17":[1,1]},"f":{"1":2,"2":2,"3":2,"4":2,"5":2,"6":1,"7":1,"8":1,"9":2,"10":2,"11":2,"12":2,"13":1},"fnMap":{"1":{"name":"(anonymous_1)","line":12,"loc":{"start":{"line":12,"column":1},"end":{"line":12,"column":13}}},"2":{"name":"(anonymous_2)","line":19,"loc":{"start":{"line":19,"column":5},"end":{"line":19,"column":17}}},"3":{"name":"(anonymous_3)","line":23,"loc":{"start":{"line":23,"column":24},"end":{"line":23,"column":36}}},"4":{"name":"(anonymous_4)","line":61,"loc":{"start":{"line":61,"column":5},"end":{"line":61,"column":17}}},"5":{"name":"(anonymous_5)","line":82,"loc":{"start":{"line":82,"column":5},"end":{"line":82,"column":17}}},"6":{"name":"(anonymous_6)","line":91,"loc":{"start":{"line":91,"column":77},"end":{"line":94,"column":10}}},"7":{"name":"(anonymous_7)","line":112,"loc":{"start":{"line":112,"column":83},"end":{"line":115,"column":10}},"skip":true},"8":{"name":"(anonymous_8)","line":123,"loc":{"start":{"line":123,"column":77},"end":{"line":126,"column":10}},"skip":true},"9":{"name":"(anonymous_9)","line":139,"loc":{"start":{"line":139,"column":12},"end":{"line":139,"column":40}},"skip":true},"10":{"name":"(anonymous_10)","line":147,"loc":{"start":{"line":147,"column":77},"end":{"line":150,"column":10}},"skip":true},"11":{"name":"(anonymous_11)","line":158,"loc":{"start":{"line":158,"column":83},"end":{"line":161,"column":10}},"skip":true},"12":{"name":"(anonymous_12)","line":169,"loc":{"start":{"line":169,"column":79},"end":{"line":172,"column":10}},"skip":true},"13":{"name":"(anonymous_13)","line":180,"loc":{"start":{"line":180,"column":75},"end":{"line":183,"column":10}},"skip":true}},"statementMap":{"1":{"start":{"line":12,"column":0},"end":{"line":195,"column":5}},"2":{"start":{"line":14,"column":4},"end":{"line":14,"column":14}},"3":{"start":{"line":19,"column":4},"end":{"line":56,"column":9}},"4":{"start":{"line":21,"column":8},"end":{"line":21,"column":19}},"5":{"start":{"line":23,"column":8},"end":{"line":35,"column":13}},"6":{"start":{"line":24,"column":12},"end":{"line":34,"column":13}},"7":{"start":{"line":25,"column":16},"end":{"line":28,"column":30}},"8":{"start":{"line":30,"column":16},"end":{"line":33,"column":27}},"9":{"start":{"line":37,"column":8},"end":{"line":39,"column":21}},"10":{"start":{"line":40,"column":8},"end":{"line":53,"column":9}},"11":{"start":{"line":43,"column":12},"end":{"line":46,"column":14}},"12":{"start":{"line":47,"column":12},"end":{"line":47,"column":18}},"13":{"start":{"line":50,"column":12},"end":{"line":51,"column":46}},"14":{"start":{"line":52,"column":12},"end":{"line":52,"column":18}},"15":{"start":{"line":55,"column":8},"end":{"line":55,"column":35}},"16":{"start":{"line":61,"column":4},"end":{"line":63,"column":9}},"17":{"start":{"line":62,"column":8},"end":{"line":62,"column":15}},"18":{"start":{"line":64,"column":4},"end":{"line":77,"column":5}},"19":{"start":{"line":70,"column":8},"end":{"line":70,"column":14}},"20":{"start":{"line":76,"column":8},"end":{"line":76,"column":14}},"21":{"start":{"line":82,"column":4},"end":{"line":84,"column":9}},"22":{"start":{"line":83,"column":8},"end":{"line":83,"column":15}},"23":{"start":{"line":85,"column":4},"end":{"line":194,"column":5}},"24":{"start":{"line":91,"column":8},"end":{"line":99,"column":10}},"25":{"start":{"line":98,"column":12},"end":{"line":98,"column":35}},"26":{"start":{"line":102,"column":8},"end":{"line":104,"column":63}},"27":{"start":{"line":105,"column":8},"end":{"line":105,"column":14}},"28":{"start":{"line":112,"column":8},"end":{"line":121,"column":10},"skip":true},"29":{"start":{"line":119,"column":12},"end":{"line":119,"column":55},"skip":true},"30":{"start":{"line":120,"column":12},"end":{"line":120,"column":48},"skip":true},"31":{"start":{"line":123,"column":8},"end":{"line":136,"column":10},"skip":true},"32":{"start":{"line":130,"column":12},"end":{"line":130,"column":76},"skip":true},"33":{"start":{"line":131,"column":12},"end":{"line":131,"column":73},"skip":true},"34":{"start":{"line":132,"column":12},"end":{"line":132,"column":74},"skip":true},"35":{"start":{"line":133,"column":12},"end":{"line":133,"column":79},"skip":true},"36":{"start":{"line":134,"column":12},"end":{"line":134,"column":25},"skip":true},"37":{"start":{"line":135,"column":12},"end":{"line":135,"column":45},"skip":true},"38":{"start":{"line":138,"column":8},"end":{"line":145,"column":14},"skip":true},"39":{"start":{"line":143,"column":16},"end":{"line":143,"column":29},"skip":true},"40":{"start":{"line":144,"column":16},"end":{"line":144,"column":55},"skip":true},"41":{"start":{"line":147,"column":8},"end":{"line":156,"column":10},"skip":true},"42":{"start":{"line":154,"column":12},"end":{"line":154,"column":25},"skip":true},"43":{"start":{"line":155,"column":12},"end":{"line":155,"column":45},"skip":true},"44":{"start":{"line":158,"column":8},"end":{"line":167,"column":10},"skip":true},"45":{"start":{"line":165,"column":12},"end":{"line":165,"column":25},"skip":true},"46":{"start":{"line":166,"column":12},"end":{"line":166,"column":48},"skip":true},"47":{"start":{"line":169,"column":8},"end":{"line":178,"column":10},"skip":true},"48":{"start":{"line":176,"column":12},"end":{"line":176,"column":25},"skip":true},"49":{"start":{"line":177,"column":12},"end":{"line":177,"column":46},"skip":true},"50":{"start":{"line":180,"column":8},"end":{"line":189,"column":10},"skip":true},"51":{"start":{"line":187,"column":12},"end":{"line":187,"column":94},"skip":true},"52":{"start":{"line":188,"column":12},"end":{"line":188,"column":48},"skip":true},"53":{"start":{"line":192,"column":8},"end":{"line":192,"column":35},"skip":true},"54":{"start":{"line":193,"column":8},"end":{"line":193,"column":14},"skip":true}},"branchMap":{"1":{"line":25,"type":"binary-expr","locations":[{"start":{"line":25,"column":23},"end":{"line":25,"column":62}},{"start":{"line":26,"column":20},"end":{"line":26,"column":70}},{"start":{"line":27,"column":20},"end":{"line":27,"column":71}},{"start":{"line":28,"column":20},"end":{"line":28,"column":29}}]},"2":{"line":30,"type":"binary-expr","locations":[{"start":{"line":30,"column":23},"end":{"line":30,"column":37}},{"start":{"line":31,"column":20},"end":{"line":31,"column":61}},{"start":{"line":32,"column":20},"end":{"line":32,"column":70}},{"start":{"line":33,"column":20},"end":{"line":33,"column":26}}]},"3":{"line":37,"type":"cond-expr","locations":[{"start":{"line":38,"column":14},"end":{"line":38,"column":20}},{"start":{"line":39,"column":14},"end":{"line":39,"column":20}}]},"4":{"line":40,"type":"switch","locations":[{"start":{"line":42,"column":8},"end":{"line":47,"column":18}},{"start":{"line":49,"column":8},"end":{"line":52,"column":18}}]},"5":{"line":44,"type":"binary-expr","locations":[{"start":{"line":44,"column":16},"end":{"line":44,"column":44}},{"start":{"line":44,"column":48},"end":{"line":44,"column":66}}]},"6":{"line":50,"type":"binary-expr","locations":[{"start":{"line":50,"column":21},"end":{"line":50,"column":49}},{"start":{"line":50,"column":53},"end":{"line":50,"column":72}}]},"7":{"line":64,"type":"switch","locations":[{"start":{"line":69,"column":4},"end":{"line":70,"column":14}},{"start":{"line":75,"column":4},"end":{"line":76,"column":14}}]},"8":{"line":85,"type":"switch","locations":[{"start":{"line":90,"column":4},"end":{"line":105,"column":14}},{"start":{"line":111,"column":4},"end":{"line":193,"column":14},"skip":true}]},"9":{"line":91,"type":"binary-expr","locations":[{"start":{"line":91,"column":42},"end":{"line":91,"column":73}},{"start":{"line":91,"column":77},"end":{"line":99,"column":9}}]},"10":{"line":102,"type":"binary-expr","locations":[{"start":{"line":102,"column":18},"end":{"line":102,"column":32}},{"start":{"line":103,"column":12},"end":{"line":103,"column":53}},{"start":{"line":104,"column":12},"end":{"line":104,"column":61}}]},"11":{"line":112,"type":"binary-expr","locations":[{"start":{"line":112,"column":45},"end":{"line":112,"column":79},"skip":true},{"start":{"line":112,"column":83},"end":{"line":121,"column":9},"skip":true}]},"12":{"line":123,"type":"binary-expr","locations":[{"start":{"line":123,"column":42},"end":{"line":123,"column":73},"skip":true},{"start":{"line":123,"column":77},"end":{"line":136,"column":9},"skip":true}]},"13":{"line":138,"type":"binary-expr","locations":[{"start":{"line":138,"column":48},"end":{"line":138,"column":85},"skip":true},{"start":{"line":139,"column":12},"end":{"line":145,"column":13},"skip":true}]},"14":{"line":147,"type":"binary-expr","locations":[{"start":{"line":147,"column":42},"end":{"line":147,"column":73},"skip":true},{"start":{"line":147,"column":77},"end":{"line":156,"column":9},"skip":true}]},"15":{"line":158,"type":"binary-expr","locations":[{"start":{"line":158,"column":45},"end":{"line":158,"column":79},"skip":true},{"start":{"line":158,"column":83},"end":{"line":167,"column":9},"skip":true}]},"16":{"line":169,"type":"binary-expr","locations":[{"start":{"line":169,"column":43},"end":{"line":169,"column":75},"skip":true},{"start":{"line":169,"column":79},"end":{"line":178,"column":9},"skip":true}]},"17":{"line":180,"type":"binary-expr","locations":[{"start":{"line":180,"column":41},"end":{"line":180,"column":71},"skip":true},{"start":{"line":180,"column":75},"end":{"line":189,"column":9},"skip":true}]}},"code":["/* istanbul instrument in package npmtest_analyze_css */","/*jslint","    bitwise: true,","    browser: true,","    maxerr: 8,","    maxlen: 96,","    node: true,","    nomen: true,","    regexp: true,","    stupid: true","*/","(function () {","    'use strict';","    var local;","","","","    // run shared js-env code - pre-init","    (function () {","        // init local","        local = {};","        // init modeJs","        local.modeJs = (function () {","            try {","                return typeof navigator.userAgent === 'string' &&","                    typeof document.querySelector('body') === 'object' &&","                    typeof XMLHttpRequest.prototype.open === 'function' &&","                    'browser';","            } catch (errorCaughtBrowser) {","                return module.exports &&","                    typeof process.versions.node === 'string' &&","                    typeof require('http').createServer === 'function' &&","                    'node';","            }","        }());","        // init global","        local.global = local.modeJs === 'browser'","            ? window","            : global;","        switch (local.modeJs) {","        // re-init local from window.local","        case 'browser':","            local = local.global.utility2.objectSetDefault(","                local.global.utility2_rollup || local.global.local,","                local.global.utility2","            );","            break;","        // re-init local from example.js","        case 'node':","            local = (local.global.utility2_rollup || require('utility2'))","                .requireExampleJsFromReadme();","            break;","        }","        // export local","        local.global.local = local;","    }());","","","","    // run shared js-env code - function","    (function () {","        return;","    }());","    switch (local.modeJs) {","","","","    // run browser js-env code - function","    case 'browser':","        break;","","","","    // run node js-env code - function","    case 'node':","        break;","    }","","","","    // run shared js-env code - post-init","    (function () {","        return;","    }());","    switch (local.modeJs) {","","","","    // run browser js-env code - post-init","    case 'browser':","        local.testCase_browser_nullCase = local.testCase_browser_nullCase || function (","            options,","            onError","        ) {","        /*","         * this function will test browsers's null-case handling-behavior-behavior","         */","            onError(null, options);","        };","","        // run tests","        local.nop(local.modeTest &&","            document.querySelector('#testRunButton1') &&","            document.querySelector('#testRunButton1').click());","        break;","","","","    // run node js-env code - post-init","    /* istanbul ignore next */","    case 'node':","        local.testCase_buildApidoc_default = local.testCase_buildApidoc_default || function (","            options,","            onError","        ) {","        /*","         * this function will test buildApidoc's default handling-behavior-behavior","         */","            options = { modulePathList: module.paths };","            local.buildApidoc(options, onError);","        };","","        local.testCase_buildApp_default = local.testCase_buildApp_default || function (","            options,","            onError","        ) {","        /*","         * this function will test buildApp's default handling-behavior-behavior","         */","            local.testCase_buildReadme_default(options, local.onErrorThrow);","            local.testCase_buildLib_default(options, local.onErrorThrow);","            local.testCase_buildTest_default(options, local.onErrorThrow);","            local.testCase_buildCustomOrg_default(options, local.onErrorThrow);","            options = [];","            local.buildApp(options, onError);","        };","","        local.testCase_buildCustomOrg_default = local.testCase_buildCustomOrg_default ||","            function (options, onError) {","            /*","             * this function will test buildCustomOrg's default handling-behavior","             */","                options = {};","                local.buildCustomOrg(options, onError);","            };","","        local.testCase_buildLib_default = local.testCase_buildLib_default || function (","            options,","            onError","        ) {","        /*","         * this function will test buildLib's default handling-behavior","         */","            options = {};","            local.buildLib(options, onError);","        };","","        local.testCase_buildReadme_default = local.testCase_buildReadme_default || function (","            options,","            onError","        ) {","        /*","         * this function will test buildReadme's default handling-behavior-behavior","         */","            options = {};","            local.buildReadme(options, onError);","        };","","        local.testCase_buildTest_default = local.testCase_buildTest_default || function (","            options,","            onError","        ) {","        /*","         * this function will test buildTest's default handling-behavior","         */","            options = {};","            local.buildTest(options, onError);","        };","","        local.testCase_webpage_default = local.testCase_webpage_default || function (","            options,","            onError","        ) {","        /*","         * this function will test webpage's default handling-behavior","         */","            options = { modeCoverageMerge: true, url: local.serverLocalHost + '?modeTest=1' };","            local.browserTest(options, onError);","        };","","        // run test-server","        local.testRunServer(local);","        break;","    }","}());",""],"l":{"12":2,"14":2,"19":2,"21":2,"23":2,"24":2,"25":2,"30":1,"37":2,"40":2,"43":1,"47":1,"50":1,"52":1,"55":2,"61":2,"62":2,"64":2,"70":1,"76":1,"82":2,"83":2,"85":2,"91":1,"98":1,"102":1,"105":1,"112":1,"119":1,"120":1,"123":1,"130":1,"131":1,"132":1,"133":1,"134":1,"135":1,"138":1,"143":2,"144":2,"147":1,"154":2,"155":2,"158":1,"165":2,"166":2,"169":1,"176":2,"177":2,"180":1,"187":1,"188":1,"192":1,"193":1}},"/home/travis/build/npmtest/node-npmtest-analyze-css/lib.npmtest_analyze_css.js":{"path":"/home/travis/build/npmtest/node-npmtest-analyze-css/lib.npmtest_analyze_css.js","s":{"1":2,"2":2,"3":2,"4":2,"5":2,"6":2,"7":2,"8":1,"9":2,"10":2,"11":2,"12":2,"13":1,"14":1,"15":1,"16":1},"b":{"1":[2,1,1,1],"2":[1,1,1,1],"3":[1,1],"4":[2,2],"5":[1,1]},"f":{"1":2,"2":2,"3":2},"fnMap":{"1":{"name":"(anonymous_1)","line":12,"loc":{"start":{"line":12,"column":1},"end":{"line":12,"column":13}}},"2":{"name":"(anonymous_2)","line":19,"loc":{"start":{"line":19,"column":5},"end":{"line":19,"column":17}}},"3":{"name":"(anonymous_3)","line":23,"loc":{"start":{"line":23,"column":24},"end":{"line":23,"column":36}}}},"statementMap":{"1":{"start":{"line":12,"column":0},"end":{"line":53,"column":5}},"2":{"start":{"line":14,"column":4},"end":{"line":14,"column":14}},"3":{"start":{"line":19,"column":4},"end":{"line":52,"column":9}},"4":{"start":{"line":21,"column":8},"end":{"line":21,"column":19}},"5":{"start":{"line":23,"column":8},"end":{"line":35,"column":13}},"6":{"start":{"line":24,"column":12},"end":{"line":34,"column":13}},"7":{"start":{"line":25,"column":16},"end":{"line":28,"column":30}},"8":{"start":{"line":30,"column":16},"end":{"line":33,"column":27}},"9":{"start":{"line":37,"column":8},"end":{"line":39,"column":21}},"10":{"start":{"line":41,"column":8},"end":{"line":41,"column":54}},"11":{"start":{"line":43,"column":8},"end":{"line":43,"column":56}},"12":{"start":{"line":45,"column":8},"end":{"line":51,"column":9}},"13":{"start":{"line":46,"column":12},"end":{"line":46,"column":62}},"14":{"start":{"line":48,"column":12},"end":{"line":48,"column":35}},"15":{"start":{"line":49,"column":12},"end":{"line":49,"column":49}},"16":{"start":{"line":50,"column":12},"end":{"line":50,"column":43}}},"branchMap":{"1":{"line":25,"type":"binary-expr","locations":[{"start":{"line":25,"column":23},"end":{"line":25,"column":62}},{"start":{"line":26,"column":20},"end":{"line":26,"column":70}},{"start":{"line":27,"column":20},"end":{"line":27,"column":71}},{"start":{"line":28,"column":20},"end":{"line":28,"column":29}}]},"2":{"line":30,"type":"binary-expr","locations":[{"start":{"line":30,"column":23},"end":{"line":30,"column":37}},{"start":{"line":31,"column":20},"end":{"line":31,"column":61}},{"start":{"line":32,"column":20},"end":{"line":32,"column":70}},{"start":{"line":33,"column":20},"end":{"line":33,"column":26}}]},"3":{"line":37,"type":"cond-expr","locations":[{"start":{"line":38,"column":14},"end":{"line":38,"column":20}},{"start":{"line":39,"column":14},"end":{"line":39,"column":20}}]},"4":{"line":41,"type":"binary-expr","locations":[{"start":{"line":41,"column":16},"end":{"line":41,"column":44}},{"start":{"line":41,"column":48},"end":{"line":41,"column":53}}]},"5":{"line":45,"type":"if","locations":[{"start":{"line":45,"column":8},"end":{"line":45,"column":8}},{"start":{"line":45,"column":8},"end":{"line":45,"column":8}}]}},"code":["/* istanbul instrument in package npmtest_analyze_css */","/*jslint","    bitwise: true,","    browser: true,","    maxerr: 8,","    maxlen: 96,","    node: true,","    nomen: true,","    regexp: true,","    stupid: true","*/","(function () {","    'use strict';","    var local;","","","","    // run shared js-env code - pre-init","    (function () {","        // init local","        local = {};","        // init modeJs","        local.modeJs = (function () {","            try {","                return typeof navigator.userAgent === 'string' &&","                    typeof document.querySelector('body') === 'object' &&","                    typeof XMLHttpRequest.prototype.open === 'function' &&","                    'browser';","            } catch (errorCaughtBrowser) {","                return module.exports &&","                    typeof process.versions.node === 'string' &&","                    typeof require('http').createServer === 'function' &&","                    'node';","            }","        }());","        // init global","        local.global = local.modeJs === 'browser'","            ? window","            : global;","        // init utility2_rollup","        local = local.global.utility2_rollup || local;","        // init lib","        local.local = local.npmtest_analyze_css = local;","        // init exports","        if (local.modeJs === 'browser') {","            local.global.utility2_npmtest_analyze_css = local;","        } else {","            module.exports = local;","            module.exports.__dirname = __dirname;","            module.exports.module = module;","        }","    }());","}());",""],"l":{"12":2,"14":2,"19":2,"21":2,"23":2,"24":2,"25":2,"30":1,"37":2,"41":2,"43":2,"45":2,"46":1,"48":1,"49":1,"50":1}},"/home/travis/build/npmtest/node-npmtest-analyze-css/example.js":{"path":"/home/travis/build/npmtest/node-npmtest-analyze-css/example.js","s":{"1":2,"2":2,"3":2,"4":2,"5":2,"6":2,"7":2,"8":1,"9":2,"10":2,"11":2,"12":2,"13":1,"14":2,"15":2,"16":2,"17":2,"18":2,"19":0,"20":2,"21":1,"22":1,"23":1,"24":1,"25":1,"26":0,"27":0,"28":1,"29":1,"30":2,"31":0,"32":0,"33":0,"34":1,"35":2,"36":2,"37":3,"38":3,"39":3,"40":3,"41":0,"42":3,"43":3,"44":3,"45":1,"46":3,"47":1,"48":1,"49":1,"50":1,"51":1,"52":1,"53":1,"54":1,"55":1,"56":1,"57":0,"58":1,"59":6,"60":6,"61":1,"62":2,"63":0,"64":2,"65":1,"66":1,"67":0,"68":0,"69":0,"70":0,"71":0,"72":0,"73":0,"74":0,"75":0,"76":0,"77":0,"78":0,"79":0,"80":0,"81":0,"82":0,"83":0},"b":{"1":[2,1,1,1],"2":[1,1,1,1],"3":[1,1],"4":[2,2],"5":[1,1],"6":[1,1],"7":[2,0],"8":[2,1,1,1,1,1],"9":[0,2,0],"10":[1,1],"11":[2,1,1],"12":[1,0],"13":[0,2],"14":[2,0,0,0,0,0,0],"15":[0,3],"16":[3,0],"17":[1,1],"18":[0,1],"19":[1,2,0,2],"20":[1,0],"21":[1,1],"22":[0,0],"23":[0,0],"24":[0,0],"25":[0,0],"26":[0,0],"27":[0,0],"28":[0,0]},"f":{"1":2,"2":2,"3":2,"4":2,"5":2,"6":2,"7":3,"8":3,"9":3,"10":1,"11":6,"12":0},"fnMap":{"1":{"name":"(anonymous_1)","line":26,"loc":{"start":{"line":26,"column":1},"end":{"line":26,"column":13}}},"2":{"name":"(anonymous_2)","line":33,"loc":{"start":{"line":33,"column":5},"end":{"line":33,"column":17}}},"3":{"name":"(anonymous_3)","line":37,"loc":{"start":{"line":37,"column":24},"end":{"line":37,"column":36}}},"4":{"name":"(anonymous_4)","line":69,"loc":{"start":{"line":69,"column":31},"end":{"line":69,"column":48}},"skip":true},"5":{"name":"(anonymous_5)","line":78,"loc":{"start":{"line":78,"column":26},"end":{"line":78,"column":45}},"skip":true},"6":{"name":"(anonymous_6)","line":123,"loc":{"start":{"line":123,"column":33},"end":{"line":123,"column":48}},"skip":true},"7":{"name":"(anonymous_7)","line":125,"loc":{"start":{"line":125,"column":27},"end":{"line":125,"column":39}},"skip":true},"8":{"name":"(anonymous_8)","line":133,"loc":{"start":{"line":133,"column":59},"end":{"line":133,"column":74}},"skip":true},"9":{"name":"(anonymous_9)","line":143,"loc":{"start":{"line":143,"column":45},"end":{"line":143,"column":62}},"skip":true},"10":{"name":"(anonymous_10)","line":144,"loc":{"start":{"line":144,"column":73},"end":{"line":144,"column":92}},"skip":true},"11":{"name":"(anonymous_11)","line":272,"loc":{"start":{"line":272,"column":51},"end":{"line":272,"column":77}},"skip":true},"12":{"name":"(anonymous_12)","line":315,"loc":{"start":{"line":315,"column":32},"end":{"line":315,"column":61}},"skip":true}},"statementMap":{"1":{"start":{"line":26,"column":0},"end":{"line":326,"column":5}},"2":{"start":{"line":28,"column":4},"end":{"line":28,"column":14}},"3":{"start":{"line":33,"column":4},"end":{"line":60,"column":9}},"4":{"start":{"line":35,"column":8},"end":{"line":35,"column":19}},"5":{"start":{"line":37,"column":8},"end":{"line":49,"column":13}},"6":{"start":{"line":38,"column":12},"end":{"line":48,"column":13}},"7":{"start":{"line":39,"column":16},"end":{"line":42,"column":30}},"8":{"start":{"line":44,"column":16},"end":{"line":47,"column":27}},"9":{"start":{"line":51,"column":8},"end":{"line":53,"column":21}},"10":{"start":{"line":55,"column":8},"end":{"line":57,"column":45}},"11":{"start":{"line":59,"column":8},"end":{"line":59,"column":35}},"12":{"start":{"line":61,"column":4},"end":{"line":325,"column":5}},"13":{"start":{"line":69,"column":8},"end":{"line":121,"column":10},"skip":true},"14":{"start":{"line":70,"column":12},"end":{"line":88,"column":13},"skip":true},"15":{"start":{"line":76,"column":16},"end":{"line":87,"column":19},"skip":true},"16":{"start":{"line":79,"column":20},"end":{"line":86,"column":21},"skip":true},"17":{"start":{"line":82,"column":24},"end":{"line":82,"column":43},"skip":true},"18":{"start":{"line":83,"column":24},"end":{"line":83,"column":30},"skip":true},"19":{"start":{"line":85,"column":24},"end":{"line":85,"column":49},"skip":true},"20":{"start":{"line":89,"column":12},"end":{"line":107,"column":13},"skip":true},"21":{"start":{"line":92,"column":16},"end":{"line":102,"column":17},"skip":true},"22":{"start":{"line":93,"column":20},"end":{"line":93,"column":86},"skip":true},"23":{"start":{"line":94,"column":20},"end":{"line":95,"column":45},"skip":true},"24":{"start":{"line":96,"column":20},"end":{"line":96,"column":42},"skip":true},"25":{"start":{"line":97,"column":20},"end":{"line":97,"column":48},"skip":true},"26":{"start":{"line":100,"column":20},"end":{"line":100,"column":85},"skip":true},"27":{"start":{"line":101,"column":20},"end":{"line":101,"column":96},"skip":true},"28":{"start":{"line":103,"column":16},"end":{"line":103,"column":22},"skip":true},"29":{"start":{"line":106,"column":16},"end":{"line":106,"column":22},"skip":true},"30":{"start":{"line":108,"column":12},"end":{"line":120,"column":13},"skip":true},"31":{"start":{"line":114,"column":16},"end":{"line":119,"column":17},"skip":true},"32":{"start":{"line":116,"column":20},"end":{"line":116,"column":78},"skip":true},"33":{"start":{"line":118,"column":20},"end":{"line":118,"column":47},"skip":true},"34":{"start":{"line":123,"column":8},"end":{"line":141,"column":11},"skip":true},"35":{"start":{"line":124,"column":12},"end":{"line":124,"column":54},"skip":true},"36":{"start":{"line":125,"column":12},"end":{"line":140,"column":14},"skip":true},"37":{"start":{"line":126,"column":16},"end":{"line":126,"column":28},"skip":true},"38":{"start":{"line":127,"column":16},"end":{"line":127,"column":69},"skip":true},"39":{"start":{"line":128,"column":16},"end":{"line":128,"column":75},"skip":true},"40":{"start":{"line":129,"column":16},"end":{"line":131,"column":17},"skip":true},"41":{"start":{"line":130,"column":20},"end":{"line":130,"column":27},"skip":true},"42":{"start":{"line":133,"column":16},"end":{"line":137,"column":36},"skip":true},"43":{"start":{"line":134,"column":20},"end":{"line":136,"column":55},"skip":true},"44":{"start":{"line":139,"column":16},"end":{"line":139,"column":57},"skip":true},"45":{"start":{"line":143,"column":8},"end":{"line":147,"column":11},"skip":true},"46":{"start":{"line":144,"column":12},"end":{"line":146,"column":15},"skip":true},"47":{"start":{"line":145,"column":16},"end":{"line":145,"column":70},"skip":true},"48":{"start":{"line":149,"column":8},"end":{"line":149,"column":31},"skip":true},"49":{"start":{"line":150,"column":8},"end":{"line":150,"column":14},"skip":true},"50":{"start":{"line":158,"column":8},"end":{"line":158,"column":31},"skip":true},"51":{"start":{"line":160,"column":8},"end":{"line":160,"column":33},"skip":true},"52":{"start":{"line":161,"column":8},"end":{"line":161,"column":37},"skip":true},"53":{"start":{"line":162,"column":8},"end":{"line":162,"column":35},"skip":true},"54":{"start":{"line":164,"column":8},"end":{"line":164,"column":50},"skip":true},"55":{"start":{"line":166,"column":8},"end":{"line":256,"column":2},"skip":true},"56":{"start":{"line":258,"column":8},"end":{"line":286,"column":9},"skip":true},"57":{"start":{"line":259,"column":12},"end":{"line":269,"column":14},"skip":true},"58":{"start":{"line":271,"column":12},"end":{"line":285,"column":19},"skip":true},"59":{"start":{"line":274,"column":20},"end":{"line":274,"column":35},"skip":true},"60":{"start":{"line":275,"column":20},"end":{"line":284,"column":21},"skip":true},"61":{"start":{"line":277,"column":24},"end":{"line":277,"column":64},"skip":true},"62":{"start":{"line":279,"column":24},"end":{"line":279,"column":40},"skip":true},"63":{"start":{"line":281,"column":24},"end":{"line":281,"column":40},"skip":true},"64":{"start":{"line":283,"column":24},"end":{"line":283,"column":39},"skip":true},"65":{"start":{"line":288,"column":8},"end":{"line":290,"column":9},"skip":true},"66":{"start":{"line":289,"column":12},"end":{"line":289,"column":18},"skip":true},"67":{"start":{"line":291,"column":8},"end":{"line":293,"column":54},"skip":true},"68":{"start":{"line":296,"column":8},"end":{"line":301,"column":37},"skip":true},"69":{"start":{"line":303,"column":8},"end":{"line":303,"column":82},"skip":true},"70":{"start":{"line":306,"column":8},"end":{"line":308,"column":9},"skip":true},"71":{"start":{"line":307,"column":12},"end":{"line":307,"column":82},"skip":true},"72":{"start":{"line":310,"column":8},"end":{"line":312,"column":9},"skip":true},"73":{"start":{"line":311,"column":12},"end":{"line":311,"column":18},"skip":true},"74":{"start":{"line":313,"column":8},"end":{"line":313,"column":54},"skip":true},"75":{"start":{"line":314,"column":8},"end":{"line":314,"column":69},"skip":true},"76":{"start":{"line":315,"column":8},"end":{"line":323,"column":36},"skip":true},"77":{"start":{"line":316,"column":12},"end":{"line":316,"column":61},"skip":true},"78":{"start":{"line":317,"column":12},"end":{"line":320,"column":13},"skip":true},"79":{"start":{"line":318,"column":16},"end":{"line":318,"column":75},"skip":true},"80":{"start":{"line":319,"column":16},"end":{"line":319,"column":23},"skip":true},"81":{"start":{"line":321,"column":12},"end":{"line":321,"column":38},"skip":true},"82":{"start":{"line":322,"column":12},"end":{"line":322,"column":27},"skip":true},"83":{"start":{"line":324,"column":8},"end":{"line":324,"column":14},"skip":true}},"branchMap":{"1":{"line":39,"type":"binary-expr","locations":[{"start":{"line":39,"column":23},"end":{"line":39,"column":62}},{"start":{"line":40,"column":20},"end":{"line":40,"column":70}},{"start":{"line":41,"column":20},"end":{"line":41,"column":71}},{"start":{"line":42,"column":20},"end":{"line":42,"column":29}}]},"2":{"line":44,"type":"binary-expr","locations":[{"start":{"line":44,"column":23},"end":{"line":44,"column":37}},{"start":{"line":45,"column":20},"end":{"line":45,"column":61}},{"start":{"line":46,"column":20},"end":{"line":46,"column":70}},{"start":{"line":47,"column":20},"end":{"line":47,"column":26}}]},"3":{"line":51,"type":"cond-expr","locations":[{"start":{"line":52,"column":14},"end":{"line":52,"column":20}},{"start":{"line":53,"column":14},"end":{"line":53,"column":20}}]},"4":{"line":55,"type":"binary-expr","locations":[{"start":{"line":55,"column":16},"end":{"line":55,"column":44}},{"start":{"line":55,"column":49},"end":{"line":57,"column":43}}]},"5":{"line":55,"type":"cond-expr","locations":[{"start":{"line":56,"column":14},"end":{"line":56,"column":55}},{"start":{"line":57,"column":14},"end":{"line":57,"column":43}}]},"6":{"line":61,"type":"switch","locations":[{"start":{"line":68,"column":4},"end":{"line":150,"column":14},"skip":true},{"start":{"line":156,"column":4},"end":{"line":324,"column":14},"skip":true}]},"7":{"line":70,"type":"if","locations":[{"start":{"line":70,"column":12},"end":{"line":70,"column":12},"skip":true},{"start":{"line":70,"column":12},"end":{"line":70,"column":12},"skip":true}]},"8":{"line":70,"type":"binary-expr","locations":[{"start":{"line":70,"column":16},"end":{"line":70,"column":22},"skip":true},{"start":{"line":70,"column":27},"end":{"line":70,"column":32},"skip":true},{"start":{"line":71,"column":20},"end":{"line":71,"column":39},"skip":true},{"start":{"line":72,"column":20},"end":{"line":72,"column":49},"skip":true},{"start":{"line":73,"column":20},"end":{"line":73,"column":58},"skip":true},{"start":{"line":74,"column":20},"end":{"line":74,"column":69},"skip":true}]},"9":{"line":79,"type":"switch","locations":[{"start":{"line":80,"column":20},"end":{"line":80,"column":33},"skip":true},{"start":{"line":81,"column":20},"end":{"line":83,"column":30},"skip":true},{"start":{"line":84,"column":20},"end":{"line":85,"column":49},"skip":true}]},"10":{"line":89,"type":"switch","locations":[{"start":{"line":90,"column":12},"end":{"line":103,"column":22},"skip":true},{"start":{"line":105,"column":12},"end":{"line":106,"column":22},"skip":true}]},"11":{"line":89,"type":"binary-expr","locations":[{"start":{"line":89,"column":20},"end":{"line":89,"column":25},"skip":true},{"start":{"line":89,"column":29},"end":{"line":89,"column":48},"skip":true},{"start":{"line":89,"column":52},"end":{"line":89,"column":74},"skip":true}]},"12":{"line":92,"type":"if","locations":[{"start":{"line":92,"column":16},"end":{"line":92,"column":16},"skip":true},{"start":{"line":92,"column":16},"end":{"line":92,"column":16},"skip":true}]},"13":{"line":108,"type":"if","locations":[{"start":{"line":108,"column":12},"end":{"line":108,"column":12},"skip":true},{"start":{"line":108,"column":12},"end":{"line":108,"column":12},"skip":true}]},"14":{"line":108,"type":"binary-expr","locations":[{"start":{"line":108,"column":16},"end":{"line":108,"column":61},"skip":true},{"start":{"line":108,"column":66},"end":{"line":108,"column":72},"skip":true},{"start":{"line":108,"column":77},"end":{"line":108,"column":82},"skip":true},{"start":{"line":109,"column":20},"end":{"line":109,"column":39},"skip":true},{"start":{"line":110,"column":20},"end":{"line":110,"column":49},"skip":true},{"start":{"line":111,"column":20},"end":{"line":111,"column":58},"skip":true},{"start":{"line":112,"column":20},"end":{"line":112,"column":68},"skip":true}]},"15":{"line":129,"type":"if","locations":[{"start":{"line":129,"column":16},"end":{"line":129,"column":16},"skip":true},{"start":{"line":129,"column":16},"end":{"line":129,"column":16},"skip":true}]},"16":{"line":134,"type":"cond-expr","locations":[{"start":{"line":135,"column":26},"end":{"line":135,"column":29},"skip":true},{"start":{"line":136,"column":26},"end":{"line":136,"column":54},"skip":true}]},"17":{"line":164,"type":"binary-expr","locations":[{"start":{"line":164,"column":27},"end":{"line":164,"column":43},"skip":true},{"start":{"line":164,"column":47},"end":{"line":164,"column":49},"skip":true}]},"18":{"line":258,"type":"if","locations":[{"start":{"line":258,"column":8},"end":{"line":258,"column":8},"skip":true},{"start":{"line":258,"column":8},"end":{"line":258,"column":8},"skip":true}]},"19":{"line":275,"type":"switch","locations":[{"start":{"line":276,"column":20},"end":{"line":277,"column":64},"skip":true},{"start":{"line":278,"column":20},"end":{"line":279,"column":40},"skip":true},{"start":{"line":280,"column":20},"end":{"line":281,"column":40},"skip":true},{"start":{"line":282,"column":20},"end":{"line":283,"column":39},"skip":true}]},"20":{"line":288,"type":"if","locations":[{"start":{"line":288,"column":8},"end":{"line":288,"column":8},"skip":true},{"start":{"line":288,"column":8},"end":{"line":288,"column":8},"skip":true}]},"21":{"line":288,"type":"binary-expr","locations":[{"start":{"line":288,"column":12},"end":{"line":288,"column":40},"skip":true},{"start":{"line":288,"column":44},"end":{"line":288,"column":67},"skip":true}]},"22":{"line":292,"type":"binary-expr","locations":[{"start":{"line":292,"column":12},"end":{"line":292,"column":50},"skip":true},{"start":{"line":293,"column":12},"end":{"line":293,"column":53},"skip":true}]},"23":{"line":297,"type":"binary-expr","locations":[{"start":{"line":297,"column":12},"end":{"line":297,"column":69},"skip":true},{"start":{"line":298,"column":12},"end":{"line":301,"column":36},"skip":true}]},"24":{"line":303,"type":"binary-expr","locations":[{"start":{"line":303,"column":43},"end":{"line":303,"column":75},"skip":true},{"start":{"line":303,"column":79},"end":{"line":303,"column":81},"skip":true}]},"25":{"line":306,"type":"if","locations":[{"start":{"line":306,"column":8},"end":{"line":306,"column":8},"skip":true},{"start":{"line":306,"column":8},"end":{"line":306,"column":8},"skip":true}]},"26":{"line":310,"type":"if","locations":[{"start":{"line":310,"column":8},"end":{"line":310,"column":8},"skip":true},{"start":{"line":310,"column":8},"end":{"line":310,"column":8},"skip":true}]},"27":{"line":313,"type":"binary-expr","locations":[{"start":{"line":313,"column":27},"end":{"line":313,"column":43},"skip":true},{"start":{"line":313,"column":47},"end":{"line":313,"column":53},"skip":true}]},"28":{"line":317,"type":"if","locations":[{"start":{"line":317,"column":12},"end":{"line":317,"column":12},"skip":true},{"start":{"line":317,"column":12},"end":{"line":317,"column":12},"skip":true}]}},"code":["/*","example.js","","quickstart example","","instruction","    1. save this script as example.js","    2. run the shell command:","        $ npm install npmtest-analyze-css && PORT=8081 node example.js","    3. play with the browser-demo on http://127.0.0.1:8081","*/","","","","/* istanbul instrument in package npmtest_analyze_css */","/*jslint","    bitwise: true,","    browser: true,","    maxerr: 8,","    maxlen: 96,","    node: true,","    nomen: true,","    regexp: true,","    stupid: true","*/","(function () {","    'use strict';","    var local;","","","","    // run shared js-env code - pre-init","    (function () {","        // init local","        local = {};","        // init modeJs","        local.modeJs = (function () {","            try {","                return typeof navigator.userAgent === 'string' &&","                    typeof document.querySelector('body') === 'object' &&","                    typeof XMLHttpRequest.prototype.open === 'function' &&","                    'browser';","            } catch (errorCaughtBrowser) {","                return module.exports &&","                    typeof process.versions.node === 'string' &&","                    typeof require('http').createServer === 'function' &&","                    'node';","            }","        }());","        // init global","        local.global = local.modeJs === 'browser'","            ? window","            : global;","        // init utility2_rollup","        local = local.global.utility2_rollup || (local.modeJs === 'browser'","            ? local.global.utility2_npmtest_analyze_css","            : global.utility2_moduleExports);","        // export local","        local.global.local = local;","    }());","    switch (local.modeJs) {","","","","    // post-init","    // run browser js-env code - post-init","    /* istanbul ignore next */","    case 'browser':","        local.testRunBrowser = function (event) {","            if (!event || (event &&","                    event.currentTarget &&","                    event.currentTarget.className &&","                    event.currentTarget.className.includes &&","                    event.currentTarget.className.includes('onreset'))) {","                // reset output","                Array.from(","                    document.querySelectorAll('body > .resettable')","                ).forEach(function (element) {","                    switch (element.tagName) {","                    case 'INPUT':","                    case 'TEXTAREA':","                        element.value = '';","                        break;","                    default:","                        element.textContent = '';","                    }","                });","            }","            switch (event && event.currentTarget && event.currentTarget.id) {","            case 'testRunButton1':","                // show tests","                if (document.querySelector('#testReportDiv1').style.display === 'none') {","                    document.querySelector('#testReportDiv1').style.display = 'block';","                    document.querySelector('#testRunButton1').textContent =","                        'hide internal test';","                    local.modeTest = true;","                    local.testRunDefault(local);","                // hide tests","                } else {","                    document.querySelector('#testReportDiv1').style.display = 'none';","                    document.querySelector('#testRunButton1').textContent = 'run internal test';","                }","                break;","            // custom-case","            default:","                break;","            }","            if (document.querySelector('#inputTextareaEval1') && (!event || (event &&","                    event.currentTarget &&","                    event.currentTarget.className &&","                    event.currentTarget.className.includes &&","                    event.currentTarget.className.includes('oneval')))) {","                // try to eval input-code","                try {","                    /*jslint evil: true*/","                    eval(document.querySelector('#inputTextareaEval1').value);","                } catch (errorCaught) {","                    console.error(errorCaught);","                }","            }","        };","        // log stderr and stdout to #outputTextareaStdout1","        ['error', 'log'].forEach(function (key) {","            console[key + '_original'] = console[key];","            console[key] = function () {","                var element;","                console[key + '_original'].apply(console, arguments);","                element = document.querySelector('#outputTextareaStdout1');","                if (!element) {","                    return;","                }","                // append text to #outputTextareaStdout1","                element.value += Array.from(arguments).map(function (arg) {","                    return typeof arg === 'string'","                        ? arg","                        : JSON.stringify(arg, null, 4);","                }).join(' ') + '\\n';","                // scroll textarea to bottom","                element.scrollTop = element.scrollHeight;","            };","        });","        // init event-handling","        ['change', 'click', 'keyup'].forEach(function (event) {","            Array.from(document.querySelectorAll('.on' + event)).forEach(function (element) {","                element.addEventListener(event, local.testRunBrowser);","            });","        });","        // run tests","        local.testRunBrowser();","        break;","","","","    // run node js-env code - post-init","    /* istanbul ignore next */","    case 'node':","        // export local","        module.exports = local;","        // require modules","        local.fs = require('fs');","        local.http = require('http');","        local.url = require('url');","        // init assets","        local.assetsDict = local.assetsDict || {};","        /* jslint-ignore-begin */","        local.assetsDict['/assets.index.template.html'] = '\\","<!doctype html>\\n\\","<html lang=\"en\">\\n\\","<head>\\n\\","<meta charset=\"UTF-8\">\\n\\","<meta name=\"viewport\" content=\"width=device-width, initial-scale=1\">\\n\\","<title>{{env.npm_package_name}} (v{{env.npm_package_version}})</title>\\n\\","<style>\\n\\","/*csslint\\n\\","    box-sizing: false,\\n\\","    universal-selector: false\\n\\","*/\\n\\","* {\\n\\","    box-sizing: border-box;\\n\\","}\\n\\","body {\\n\\","    background: #dde;\\n\\","    font-family: Arial, Helvetica, sans-serif;\\n\\","    margin: 2rem;\\n\\","}\\n\\","body > * {\\n\\","    margin-bottom: 1rem;\\n\\","}\\n\\",".utility2FooterDiv {\\n\\","    margin-top: 20px;\\n\\","    text-align: center;\\n\\","}\\n\\","</style>\\n\\","<style>\\n\\","/*csslint\\n\\","*/\\n\\","textarea {\\n\\","    font-family: monospace;\\n\\","    height: 10rem;\\n\\","    width: 100%;\\n\\","}\\n\\","textarea[readonly] {\\n\\","    background: #ddd;\\n\\","}\\n\\","</style>\\n\\","</head>\\n\\","<body>\\n\\","<!-- utility2-comment\\n\\","<div id=\"ajaxProgressDiv1\" style=\"background: #d00; height: 2px; left: 0; margin: 0; padding: 0; position: fixed; top: 0; transition: background 0.5s, width 1.5s; width: 25%;\"></div>\\n\\","utility2-comment -->\\n\\","<h1>\\n\\","<!-- utility2-comment\\n\\","    <a\\n\\","        {{#if env.npm_package_homepage}}\\n\\","        href=\"{{env.npm_package_homepage}}\"\\n\\","        {{/if env.npm_package_homepage}}\\n\\","        target=\"_blank\"\\n\\","    >\\n\\","utility2-comment -->\\n\\","        {{env.npm_package_name}} (v{{env.npm_package_version}})\\n\\","<!-- utility2-comment\\n\\","    </a>\\n\\","utility2-comment -->\\n\\","</h1>\\n\\","<h3>{{env.npm_package_description}}</h3>\\n\\","<!-- utility2-comment\\n\\","<h4><a download href=\"assets.app.js\">download standalone app</a></h4>\\n\\","<button class=\"onclick onreset\" id=\"testRunButton1\">run internal test</button><br>\\n\\","<div id=\"testReportDiv1\" style=\"display: none;\"></div>\\n\\","utility2-comment -->\\n\\","\\n\\","\\n\\","\\n\\","<label>stderr and stdout</label>\\n\\","<textarea class=\"resettable\" id=\"outputTextareaStdout1\" readonly></textarea>\\n\\","<!-- utility2-comment\\n\\","{{#if isRollup}}\\n\\","<script src=\"assets.app.js\"></script>\\n\\","{{#unless isRollup}}\\n\\","utility2-comment -->\\n\\","<script src=\"assets.utility2.rollup.js\"></script>\\n\\","<script src=\"jsonp.utility2._stateInit?callback=window.utility2._stateInit\"></script>\\n\\","<script src=\"assets.npmtest_analyze_css.rollup.js\"></script>\\n\\","<script src=\"assets.example.js\"></script>\\n\\","<script src=\"assets.test.js\"></script>\\n\\","<!-- utility2-comment\\n\\","{{/if isRollup}}\\n\\","utility2-comment -->\\n\\","<div class=\"utility2FooterDiv\">\\n\\","    [ this app was created with\\n\\","    <a href=\"https://github.com/kaizhu256/node-utility2\" target=\"_blank\">utility2</a>\\n\\","    ]\\n\\","</div>\\n\\","</body>\\n\\","</html>\\n\\","';","        /* jslint-ignore-end */","        if (local.templateRender) {","            local.assetsDict['/'] = local.templateRender(","                local.assetsDict['/assets.index.template.html'],","                {","                    env: local.objectSetDefault(local.env, {","                        npm_package_description: 'the greatest app in the world!',","                        npm_package_name: 'my-app',","                        npm_package_nameAlias: 'my_app',","                        npm_package_version: '0.0.1'","                    })","                }","            );","        } else {","            local.assetsDict['/'] = local.assetsDict['/assets.index.template.html']","                .replace((/\\{\\{env\\.(\\w+?)\\}\\}/g), function (match0, match1) {","                    // jslint-hack","                    String(match0);","                    switch (match1) {","                    case 'npm_package_description':","                        return 'the greatest app in the world!';","                    case 'npm_package_name':","                        return 'my-app';","                    case 'npm_package_nameAlias':","                        return 'my_app';","                    case 'npm_package_version':","                        return '0.0.1';","                    }","                });","        }","        // run the cli","        if (local.global.utility2_rollup || module !== require.main) {","            break;","        }","        local.assetsDict['/assets.example.js'] =","            local.assetsDict['/assets.example.js'] ||","            local.fs.readFileSync(__filename, 'utf8');","        // bug-workaround - long $npm_package_buildCustomOrg","        /* jslint-ignore-begin */","        local.assetsDict['/assets.npmtest_analyze_css.rollup.js'] =","            local.assetsDict['/assets.npmtest_analyze_css.rollup.js'] ||","            local.fs.readFileSync(","                local.npmtest_analyze_css.__dirname + '/lib.npmtest_analyze_css.js',","                'utf8'","            ).replace((/^#!/), '//');","        /* jslint-ignore-end */","        local.assetsDict['/favicon.ico'] = local.assetsDict['/favicon.ico'] || '';","        // if $npm_config_timeout_exit exists,","        // then exit this process after $npm_config_timeout_exit ms","        if (Number(process.env.npm_config_timeout_exit)) {","            setTimeout(process.exit, Number(process.env.npm_config_timeout_exit));","        }","        // start server","        if (local.global.utility2_serverHttp1) {","            break;","        }","        process.env.PORT = process.env.PORT || '8081';","        console.error('server starting on port ' + process.env.PORT);","        local.http.createServer(function (request, response) {","            request.urlParsed = local.url.parse(request.url);","            if (local.assetsDict[request.urlParsed.pathname] !== undefined) {","                response.end(local.assetsDict[request.urlParsed.pathname]);","                return;","            }","            response.statusCode = 404;","            response.end();","        }).listen(process.env.PORT);","        break;","    }","}());",""],"l":{"26":2,"28":2,"33":2,"35":2,"37":2,"38":2,"39":2,"44":1,"51":2,"55":2,"59":2,"61":2,"69":1,"70":2,"76":2,"79":2,"82":2,"83":2,"85":1,"89":2,"92":1,"93":1,"94":1,"96":1,"97":1,"100":1,"101":1,"103":1,"106":1,"108":2,"114":1,"116":1,"118":1,"123":1,"124":2,"125":2,"126":3,"127":3,"128":3,"129":3,"130":1,"133":3,"134":3,"139":3,"143":1,"144":3,"145":1,"149":1,"150":1,"158":1,"160":1,"161":1,"162":1,"164":1,"166":1,"258":1,"259":1,"271":1,"274":6,"275":6,"277":1,"279":2,"281":1,"283":2,"288":1,"289":1,"291":1,"296":1,"303":1,"306":1,"307":1,"310":1,"311":1,"313":1,"314":1,"315":1,"316":1,"317":1,"318":1,"319":1,"321":1,"322":1,"324":1}},"/home/travis/build/npmtest/node-npmtest-analyze-css/node_modules/analyze-css/lib/index.js":{"path":"/home/travis/build/npmtest/node-npmtest-analyze-css/node_modules/analyze-css/lib/index.js","s":{"1":1,"2":1,"3":0,"4":0,"5":0,"6":0,"7":0,"8":0,"9":0,"10":0,"11":0,"12":0,"13":0,"14":0,"15":0,"16":0,"17":0,"18":0,"19":0,"20":0,"21":0,"22":0,"23":0,"24":0,"25":0,"26":0,"27":1,"28":1,"29":1,"30":1,"31":1,"32":1,"33":1,"34":1,"35":1,"36":1,"37":0,"38":0,"39":0,"40":0,"41":0,"42":0,"43":0,"44":0,"45":0,"46":0,"47":0,"48":0,"49":0,"50":0,"51":0,"52":0,"53":0,"54":0,"55":0,"56":0,"57":0,"58":0,"59":0,"60":0,"61":0,"62":0,"63":0,"64":0,"65":0,"66":0,"67":0,"68":0,"69":0,"70":0,"71":0,"72":0,"73":0,"74":0,"75":0,"76":0,"77":0,"78":0,"79":0,"80":0,"81":0,"82":0,"83":0,"84":0,"85":0,"86":0,"87":0,"88":0,"89":0,"90":0,"91":0,"92":0,"93":0,"94":0,"95":0,"96":0,"97":0,"98":0,"99":0,"100":0,"101":0,"102":0,"103":0,"104":0,"105":0,"106":0,"107":0,"108":0,"109":0,"110":0,"111":0,"112":0,"113":0,"114":0,"115":0,"116":0,"117":0,"118":0,"119":0,"120":0,"121":0,"122":0,"123":0,"124":0,"125":0,"126":0,"127":0,"128":1},"b":{"1":[0,0],"2":[0,0],"3":[0,0],"4":[0,0],"5":[0,0],"6":[0,0],"7":[0,0],"8":[0,0],"9":[0,0],"10":[0,0],"11":[0,0],"12":[0,0],"13":[0,0,0,0,0],"14":[0,0],"15":[0,0],"16":[0,0],"17":[0,0],"18":[0,0],"19":[0,0],"20":[0,0],"21":[0,0]},"f":{"1":0,"2":0,"3":0,"4":0,"5":0,"6":0,"7":0,"8":0,"9":0,"10":0,"11":0,"12":0,"13":0,"14":0,"15":0,"16":0,"17":0,"18":0,"19":0,"20":0,"21":0},"fnMap":{"1":{"name":"analyzer","line":14,"loc":{"start":{"line":14,"column":0},"end":{"line":14,"column":42}}},"2":{"name":"(anonymous_2)","line":89,"loc":{"start":{"line":89,"column":8},"end":{"line":89,"column":28}}},"3":{"name":"(anonymous_3)","line":97,"loc":{"start":{"line":97,"column":7},"end":{"line":97,"column":52}}},"4":{"name":"(anonymous_4)","line":103,"loc":{"start":{"line":103,"column":5},"end":{"line":103,"column":22}}},"5":{"name":"(anonymous_5)","line":107,"loc":{"start":{"line":107,"column":12},"end":{"line":107,"column":34}}},"6":{"name":"(anonymous_6)","line":115,"loc":{"start":{"line":115,"column":13},"end":{"line":115,"column":44}}},"7":{"name":"(anonymous_7)","line":123,"loc":{"start":{"line":123,"column":14},"end":{"line":123,"column":69}}},"8":{"name":"(anonymous_8)","line":134,"loc":{"start":{"line":134,"column":21},"end":{"line":134,"column":40}}},"9":{"name":"(anonymous_9)","line":138,"loc":{"start":{"line":138,"column":12},"end":{"line":138,"column":23}}},"10":{"name":"(anonymous_10)","line":150,"loc":{"start":{"line":150,"column":11},"end":{"line":150,"column":26}}},"11":{"name":"(anonymous_11)","line":154,"loc":{"start":{"line":154,"column":8},"end":{"line":154,"column":23}}},"12":{"name":"(anonymous_12)","line":160,"loc":{"start":{"line":160,"column":16},"end":{"line":160,"column":31}}},"13":{"name":"(anonymous_13)","line":168,"loc":{"start":{"line":168,"column":11},"end":{"line":168,"column":25}}},"14":{"name":"(anonymous_14)","line":185,"loc":{"start":{"line":185,"column":13},"end":{"line":185,"column":29}}},"15":{"name":"(anonymous_15)","line":186,"loc":{"start":{"line":186,"column":16},"end":{"line":186,"column":36}}},"16":{"name":"(anonymous_16)","line":225,"loc":{"start":{"line":225,"column":28},"end":{"line":225,"column":47}}},"17":{"name":"(anonymous_17)","line":247,"loc":{"start":{"line":247,"column":26},"end":{"line":247,"column":47}}},"18":{"name":"(anonymous_18)","line":252,"loc":{"start":{"line":252,"column":31},"end":{"line":252,"column":53}}},"19":{"name":"(anonymous_19)","line":285,"loc":{"start":{"line":285,"column":6},"end":{"line":285,"column":17}}},"20":{"name":"(anonymous_20)","line":292,"loc":{"start":{"line":292,"column":35},"end":{"line":292,"column":49}}},"21":{"name":"(anonymous_21)","line":310,"loc":{"start":{"line":310,"column":10},"end":{"line":310,"column":24}}}},"statementMap":{"1":{"start":{"line":6,"column":0},"end":{"line":12,"column":43}},"2":{"start":{"line":14,"column":0},"end":{"line":66,"column":1}},"3":{"start":{"line":15,"column":1},"end":{"line":15,"column":9}},"4":{"start":{"line":18,"column":1},"end":{"line":21,"column":2}},"5":{"start":{"line":19,"column":2},"end":{"line":19,"column":21}},"6":{"start":{"line":20,"column":2},"end":{"line":20,"column":15}},"7":{"start":{"line":23,"column":1},"end":{"line":23,"column":24}},"8":{"start":{"line":24,"column":1},"end":{"line":24,"column":33}},"9":{"start":{"line":26,"column":1},"end":{"line":29,"column":2}},"10":{"start":{"line":27,"column":2},"end":{"line":27,"column":110}},"11":{"start":{"line":28,"column":2},"end":{"line":28,"column":9}},"12":{"start":{"line":32,"column":1},"end":{"line":44,"column":2}},"13":{"start":{"line":33,"column":2},"end":{"line":33,"column":57}},"14":{"start":{"line":35,"column":2},"end":{"line":35,"column":61}},"15":{"start":{"line":37,"column":2},"end":{"line":41,"column":3}},"16":{"start":{"line":38,"column":3},"end":{"line":38,"column":44}},"17":{"start":{"line":40,"column":3},"end":{"line":40,"column":50}},"18":{"start":{"line":43,"column":2},"end":{"line":43,"column":35}},"19":{"start":{"line":46,"column":1},"end":{"line":46,"column":25}},"20":{"start":{"line":49,"column":1},"end":{"line":52,"column":2}},"21":{"start":{"line":50,"column":2},"end":{"line":50,"column":22}},"22":{"start":{"line":51,"column":2},"end":{"line":51,"column":9}},"23":{"start":{"line":55,"column":1},"end":{"line":58,"column":3}},"24":{"start":{"line":61,"column":1},"end":{"line":63,"column":2}},"25":{"start":{"line":62,"column":2},"end":{"line":62,"column":33}},"26":{"start":{"line":65,"column":1},"end":{"line":65,"column":21}},"27":{"start":{"line":68,"column":0},"end":{"line":68,"column":27}},"28":{"start":{"line":71,"column":0},"end":{"line":71,"column":50}},"29":{"start":{"line":72,"column":0},"end":{"line":72,"column":57}},"30":{"start":{"line":75,"column":0},"end":{"line":75,"column":31}},"31":{"start":{"line":76,"column":0},"end":{"line":76,"column":35}},"32":{"start":{"line":77,"column":0},"end":{"line":77,"column":30}},"33":{"start":{"line":78,"column":0},"end":{"line":78,"column":45}},"34":{"start":{"line":79,"column":0},"end":{"line":79,"column":39}},"35":{"start":{"line":80,"column":0},"end":{"line":80,"column":40}},"36":{"start":{"line":82,"column":0},"end":{"line":341,"column":2}},"37":{"start":{"line":90,"column":2},"end":{"line":90,"column":27}},"38":{"start":{"line":91,"column":2},"end":{"line":91,"column":18}},"39":{"start":{"line":93,"column":2},"end":{"line":93,"column":13}},"40":{"start":{"line":99,"column":2},"end":{"line":99,"column":51}},"41":{"start":{"line":104,"column":2},"end":{"line":104,"column":26}},"42":{"start":{"line":108,"column":2},"end":{"line":108,"column":21}},"43":{"start":{"line":111,"column":2},"end":{"line":111,"column":29}},"44":{"start":{"line":116,"column":2},"end":{"line":116,"column":40}},"45":{"start":{"line":117,"column":2},"end":{"line":117,"column":19}},"46":{"start":{"line":120,"column":2},"end":{"line":120,"column":39}},"47":{"start":{"line":124,"column":2},"end":{"line":126,"column":3}},"48":{"start":{"line":125,"column":3},"end":{"line":125,"column":35}},"49":{"start":{"line":128,"column":2},"end":{"line":131,"column":5}},"50":{"start":{"line":135,"column":2},"end":{"line":135,"column":34}},"51":{"start":{"line":139,"column":2},"end":{"line":141,"column":14}},"52":{"start":{"line":144,"column":2},"end":{"line":144,"column":55}},"53":{"start":{"line":145,"column":2},"end":{"line":145,"column":36}},"54":{"start":{"line":148,"column":2},"end":{"line":156,"column":6}},"55":{"start":{"line":151,"column":4},"end":{"line":151,"column":25}},"56":{"start":{"line":155,"column":4},"end":{"line":155,"column":32}},"57":{"start":{"line":158,"column":2},"end":{"line":158,"column":52}},"58":{"start":{"line":160,"column":2},"end":{"line":165,"column":11}},"59":{"start":{"line":161,"column":3},"end":{"line":161,"column":44}},"60":{"start":{"line":162,"column":3},"end":{"line":162,"column":14}},"61":{"start":{"line":164,"column":3},"end":{"line":164,"column":59}},"62":{"start":{"line":169,"column":2},"end":{"line":169,"column":53}},"63":{"start":{"line":170,"column":2},"end":{"line":170,"column":71}},"64":{"start":{"line":172,"column":2},"end":{"line":174,"column":3}},"65":{"start":{"line":173,"column":3},"end":{"line":173,"column":72}},"66":{"start":{"line":176,"column":2},"end":{"line":179,"column":5}},"67":{"start":{"line":181,"column":2},"end":{"line":181,"column":22}},"68":{"start":{"line":182,"column":2},"end":{"line":182,"column":14}},"69":{"start":{"line":186,"column":2},"end":{"line":282,"column":11}},"70":{"start":{"line":187,"column":3},"end":{"line":187,"column":21}},"71":{"start":{"line":193,"column":3},"end":{"line":193,"column":42}},"72":{"start":{"line":195,"column":3},"end":{"line":281,"column":4}},"73":{"start":{"line":202,"column":5},"end":{"line":202,"column":48}},"74":{"start":{"line":205,"column":5},"end":{"line":207,"column":6}},"75":{"start":{"line":206,"column":6},"end":{"line":206,"column":34}},"76":{"start":{"line":209,"column":5},"end":{"line":209,"column":51}},"77":{"start":{"line":210,"column":5},"end":{"line":210,"column":11}},"78":{"start":{"line":218,"column":5},"end":{"line":220,"column":6}},"79":{"start":{"line":219,"column":6},"end":{"line":219,"column":13}},"80":{"start":{"line":222,"column":5},"end":{"line":222,"column":29}},"81":{"start":{"line":225,"column":5},"end":{"line":250,"column":14}},"82":{"start":{"line":226,"column":6},"end":{"line":228,"column":14}},"83":{"start":{"line":233,"column":6},"end":{"line":233,"column":47}},"84":{"start":{"line":235,"column":6},"end":{"line":238,"column":7}},"85":{"start":{"line":236,"column":7},"end":{"line":236,"column":184}},"86":{"start":{"line":237,"column":7},"end":{"line":237,"column":118}},"87":{"start":{"line":241,"column":6},"end":{"line":243,"column":7}},"88":{"start":{"line":242,"column":7},"end":{"line":242,"column":43}},"89":{"start":{"line":245,"column":6},"end":{"line":245,"column":57}},"90":{"start":{"line":247,"column":6},"end":{"line":249,"column":15}},"91":{"start":{"line":248,"column":7},"end":{"line":248,"column":53}},"92":{"start":{"line":252,"column":5},"end":{"line":264,"column":14}},"93":{"start":{"line":253,"column":6},"end":{"line":253,"column":52}},"94":{"start":{"line":255,"column":6},"end":{"line":263,"column":7}},"95":{"start":{"line":257,"column":8},"end":{"line":257,"column":80}},"96":{"start":{"line":258,"column":8},"end":{"line":258,"column":14}},"97":{"start":{"line":261,"column":8},"end":{"line":261,"column":50}},"98":{"start":{"line":262,"column":8},"end":{"line":262,"column":14}},"99":{"start":{"line":265,"column":5},"end":{"line":265,"column":11}},"100":{"start":{"line":269,"column":5},"end":{"line":269,"column":40}},"101":{"start":{"line":270,"column":5},"end":{"line":270,"column":11}},"102":{"start":{"line":274,"column":5},"end":{"line":274,"column":34}},"103":{"start":{"line":275,"column":5},"end":{"line":275,"column":11}},"104":{"start":{"line":279,"column":5},"end":{"line":279,"column":38}},"105":{"start":{"line":280,"column":5},"end":{"line":280,"column":11}},"106":{"start":{"line":286,"column":2},"end":{"line":287,"column":42}},"107":{"start":{"line":289,"column":2},"end":{"line":289,"column":38}},"108":{"start":{"line":292,"column":2},"end":{"line":305,"column":11}},"109":{"start":{"line":293,"column":3},"end":{"line":293,"column":27}},"110":{"start":{"line":295,"column":3},"end":{"line":298,"column":5}},"111":{"start":{"line":299,"column":3},"end":{"line":302,"column":6}},"112":{"start":{"line":304,"column":3},"end":{"line":304,"column":27}},"113":{"start":{"line":307,"column":2},"end":{"line":307,"column":25}},"114":{"start":{"line":311,"column":2},"end":{"line":312,"column":21}},"115":{"start":{"line":314,"column":2},"end":{"line":314,"column":20}},"116":{"start":{"line":315,"column":2},"end":{"line":315,"column":22}},"117":{"start":{"line":318,"column":2},"end":{"line":318,"column":19}},"118":{"start":{"line":321,"column":2},"end":{"line":321,"column":27}},"119":{"start":{"line":323,"column":2},"end":{"line":325,"column":3}},"120":{"start":{"line":324,"column":3},"end":{"line":324,"column":14}},"121":{"start":{"line":327,"column":2},"end":{"line":327,"column":24}},"122":{"start":{"line":330,"column":2},"end":{"line":334,"column":3}},"123":{"start":{"line":331,"column":3},"end":{"line":331,"column":14}},"124":{"start":{"line":333,"column":3},"end":{"line":333,"column":13}},"125":{"start":{"line":336,"column":2},"end":{"line":336,"column":22}},"126":{"start":{"line":338,"column":2},"end":{"line":338,"column":49}},"127":{"start":{"line":339,"column":2},"end":{"line":339,"column":14}},"128":{"start":{"line":343,"column":0},"end":{"line":343,"column":26}}},"branchMap":{"1":{"line":18,"type":"if","locations":[{"start":{"line":18,"column":1},"end":{"line":18,"column":1}},{"start":{"line":18,"column":1},"end":{"line":18,"column":1}}]},"2":{"line":26,"type":"if","locations":[{"start":{"line":26,"column":1},"end":{"line":26,"column":1}},{"start":{"line":26,"column":1},"end":{"line":26,"column":1}}]},"3":{"line":32,"type":"if","locations":[{"start":{"line":32,"column":1},"end":{"line":32,"column":1}},{"start":{"line":32,"column":1},"end":{"line":32,"column":1}}]},"4":{"line":49,"type":"if","locations":[{"start":{"line":49,"column":1},"end":{"line":49,"column":1}},{"start":{"line":49,"column":1},"end":{"line":49,"column":1}}]},"5":{"line":61,"type":"if","locations":[{"start":{"line":61,"column":1},"end":{"line":61,"column":1}},{"start":{"line":61,"column":1},"end":{"line":61,"column":1}}]},"6":{"line":108,"type":"binary-expr","locations":[{"start":{"line":108,"column":10},"end":{"line":108,"column":15}},{"start":{"line":108,"column":19},"end":{"line":108,"column":20}}]},"7":{"line":116,"type":"binary-expr","locations":[{"start":{"line":116,"column":16},"end":{"line":116,"column":34}},{"start":{"line":116,"column":38},"end":{"line":116,"column":39}}]},"8":{"line":117,"type":"binary-expr","locations":[{"start":{"line":117,"column":9},"end":{"line":117,"column":13}},{"start":{"line":117,"column":17},"end":{"line":117,"column":18}}]},"9":{"line":124,"type":"if","locations":[{"start":{"line":124,"column":2},"end":{"line":124,"column":2}},{"start":{"line":124,"column":2},"end":{"line":124,"column":2}}]},"10":{"line":130,"type":"binary-expr","locations":[{"start":{"line":130,"column":15},"end":{"line":130,"column":23}},{"start":{"line":130,"column":27},"end":{"line":130,"column":47}}]},"11":{"line":164,"type":"binary-expr","locations":[{"start":{"line":164,"column":34},"end":{"line":164,"column":50}},{"start":{"line":164,"column":54},"end":{"line":164,"column":57}}]},"12":{"line":172,"type":"if","locations":[{"start":{"line":172,"column":2},"end":{"line":172,"column":2}},{"start":{"line":172,"column":2},"end":{"line":172,"column":2}}]},"13":{"line":195,"type":"switch","locations":[{"start":{"line":201,"column":4},"end":{"line":210,"column":11}},{"start":{"line":217,"column":4},"end":{"line":265,"column":11}},{"start":{"line":268,"column":4},"end":{"line":270,"column":11}},{"start":{"line":273,"column":4},"end":{"line":275,"column":11}},{"start":{"line":278,"column":4},"end":{"line":280,"column":11}}]},"14":{"line":205,"type":"if","locations":[{"start":{"line":205,"column":5},"end":{"line":205,"column":5}},{"start":{"line":205,"column":5},"end":{"line":205,"column":5}}]},"15":{"line":218,"type":"if","locations":[{"start":{"line":218,"column":5},"end":{"line":218,"column":5}},{"start":{"line":218,"column":5},"end":{"line":218,"column":5}}]},"16":{"line":218,"type":"binary-expr","locations":[{"start":{"line":218,"column":9},"end":{"line":218,"column":24}},{"start":{"line":218,"column":28},"end":{"line":218,"column":46}}]},"17":{"line":235,"type":"if","locations":[{"start":{"line":235,"column":6},"end":{"line":235,"column":6}},{"start":{"line":235,"column":6},"end":{"line":235,"column":6}}]},"18":{"line":255,"type":"switch","locations":[{"start":{"line":256,"column":7},"end":{"line":258,"column":14}},{"start":{"line":260,"column":7},"end":{"line":262,"column":14}}]},"19":{"line":286,"type":"binary-expr","locations":[{"start":{"line":286,"column":19},"end":{"line":286,"column":28}},{"start":{"line":286,"column":32},"end":{"line":286,"column":52}}]},"20":{"line":287,"type":"binary-expr","locations":[{"start":{"line":287,"column":11},"end":{"line":287,"column":21}},{"start":{"line":287,"column":25},"end":{"line":287,"column":41}}]},"21":{"line":323,"type":"if","locations":[{"start":{"line":323,"column":2},"end":{"line":323,"column":2}},{"start":{"line":323,"column":2},"end":{"line":323,"column":2}}]}},"code":["/**"," * analyze-css CommonJS module"," */","'use strict';","","var cssParser = require('css').parse,","\tdebug = require('debug')('analyze-css'),","\tfs = require('fs'),","\tpath = require('path'),","\tpreprocessors = new(require('./preprocessors'))(),","\tslickParse = require('slick').parse,","\tVERSION = require('./../package').version;","","function analyzer(css, options, callback) {","\tvar res;","","\t// options can be omitted","\tif (typeof options === 'function') {","\t\tcallback = options;","\t\toptions = {};","\t}","","\tthis.options = options;","\tdebug('opts: %j', this.options);","","\tif (typeof css !== 'string') {","\t\tcallback(this.error('css parameter passed is not a string!', analyzer.EXIT_CSS_PASSED_IS_NOT_STRING), null);","\t\treturn;","\t}","","\t// preprocess the CSS (issue #3)","\tif (typeof options.preprocessor === 'string') {","\t\tdebug('Using \"%s\" preprocessor', options.preprocessor);","","\t\tvar preprocessor = preprocessors.get(options.preprocessor);","","\t\ttry {","\t\t\tcss = preprocessor.process(css, options);","\t\t} catch (ex) {","\t\t\tthrow new Error('Preprocessing failed: ' + ex);","\t\t}","","\t\tdebug('Preprocessing completed');","\t}","","\tres = this.analyze(css);","","\t// error handling","\tif (res !== true) {","\t\tcallback(res, null);","\t\treturn;","\t}","","\t// return the results","\tres = {","\t\tgenerator: 'analyze-css v' + VERSION,","\t\tmetrics: this.metrics,","\t};","","\t// disable offenders output if requested (issue #64)","\tif (options.noOffenders !== true) {","\t\tres.offenders = this.offenders;","\t}","","\tcallback(null, res);","}","","analyzer.version = VERSION;","","// @see https://github.com/macbre/phantomas/issues/664","analyzer.path = path.normalize(__dirname + '/..');","analyzer.pathBin = analyzer.path + '/bin/analyze-css.js';","","// exit codes","analyzer.EXIT_NEED_OPTIONS = 2;","analyzer.EXIT_PARSING_FAILED = 251;","analyzer.EXIT_EMPTY_CSS = 252;","analyzer.EXIT_CSS_PASSED_IS_NOT_STRING = 253;","analyzer.EXIT_URL_LOADING_FAILED = 254;","analyzer.EXIT_FILE_LOADING_FAILED = 255;","","analyzer.prototype = {","\temitter: false,","\ttree: false,","","\tmetrics: {},","\toffenders: {},","","\terror: function(msg, code) {","\t\tvar err = new Error(msg);","\t\terr.code = code;","","\t\treturn err;","\t},","","\t// emit given event","\temit: function( /* eventName, arg1, arg2, ... */ ) {","\t\t//debug('Event %s emitted', arguments[0]);","\t\tthis.emitter.emit.apply(this.emitter, arguments);","\t},","","\t// bind to a given event","\ton: function(ev, fn) {","\t\tthis.emitter.on(ev, fn);","\t},","","\tsetMetric: function(name, value) {","\t\tvalue = value || 0;","","\t\t//debug('setMetric(%s) = %d', name, value);","\t\tthis.metrics[name] = value;","\t},","","\t// increements given metric by given number (default is one)","\tincrMetric: function(name, incr /* =1 */ ) {","\t\tvar currVal = this.metrics[name] || 0;","\t\tincr = incr || 1;","","\t\t//debug('incrMetric(%s) += %d', name, incr);","\t\tthis.setMetric(name, currVal + incr);","\t},","","\taddOffender: function(metricName, msg, position /* = undefined */ ) {","\t\tif (typeof this.offenders[metricName] === 'undefined') {","\t\t\tthis.offenders[metricName] = [];","\t\t}","","\t\tthis.offenders[metricName].push({","\t\t\t'message': msg,","\t\t\t'position': position || this.currentPosition","\t\t});","\t},","","\tsetCurrentPosition: function(position) {","\t\tthis.currentPosition = position;","\t},","","\tinitRules: function() {","\t\tvar debug = require('debug')('analyze-css:rules'),","\t\t\tre = /\\.js$/,","\t\t\trules = [];","","\t\t// init events emitter","\t\tthis.emitter = new(require('events').EventEmitter)();","\t\tthis.emitter.setMaxListeners(200);","","\t\t// load all rules","\t\trules = fs.readdirSync(fs.realpathSync(__dirname + '/../rules/'))","\t\t\t// filter out all non *.js files","\t\t\t.filter(function(file) {","\t\t\t\treturn re.test(file);","\t\t\t})","\t\t\t// remove file extensions to get just names","\t\t\t.map(function(file) {","\t\t\t\treturn file.replace(re, '');","\t\t\t});","","\t\tdebug('Rules to be loaded: %s', rules.join(', '));","","\t\trules.forEach(function(name) {","\t\t\tvar rule = require('./../rules/' + name);","\t\t\trule(this);","","\t\t\tdebug('\"%s\" loaded: %s', name, rule.description || '-');","\t\t}, this);","\t},","","\tparseCss: function(css) {","\t\tvar debug = require('debug')('analyze-css:parser');","\t\tdebug('Going to parse %s kB of CSS', (css.length / 1024).toFixed(2));","","\t\tif (css.trim() === '') {","\t\t\treturn this.error('Empty CSS was provided', analyzer.EXIT_EMPTY_CSS);","\t\t}","","\t\tthis.tree = cssParser(css, {","\t\t\t// errors are listed in the parsingErrors property instead of being thrown (#84)","\t\t\tsilent: true","\t\t});","","\t\tdebug('CSS parsed');","\t\treturn true;","\t},","","\tparseRules: function(rules) {","\t\trules.forEach(function(rule, idx) {","\t\t\tdebug('%j', rule);","","\t\t\t// store the default current position","\t\t\t//","\t\t\t// it will be used when this.addOffender is called from within the rule","\t\t\t// it can be overridden by providing a \"custom\" position via a call to this.setCurrentPosition","\t\t\tthis.setCurrentPosition(rule.position);","","\t\t\tswitch (rule.type) {","\t\t\t\t// {","\t\t\t\t//  \"type\":\"media\"","\t\t\t\t//  \"media\":\"screen and (min-width: 1370px)\",","\t\t\t\t//  \"rules\":[{\"type\":\"rule\",\"selectors\":[\"#foo\"],\"declarations\":[]}]","\t\t\t\t// }","\t\t\t\tcase 'media':","\t\t\t\t\tthis.emit('media', rule.media, rule.rules);","","\t\t\t\t\t// now run recursively to parse rules within the media query","\t\t\t\t\tif (rule.rules) {","\t\t\t\t\t\tthis.parseRules(rule.rules);","\t\t\t\t\t}","","\t\t\t\t\tthis.emit('mediaEnd', rule.media, rule.rules);","\t\t\t\t\tbreak;","","\t\t\t\t\t// {","\t\t\t\t\t//  \"type\":\"rule\",","\t\t\t\t\t//  \"selectors\":[\".ui-header .ui-btn-up-a\",\".ui-header .ui-btn-hover-a\"],","\t\t\t\t\t//  \"declarations\":[{\"type\":\"declaration\",\"property\":\"border\",\"value\":\"0\"},{\"type\":\"declaration\",\"property\":\"background\",\"value\":\"none\"}]","\t\t\t\t\t// }","\t\t\t\tcase 'rule':","\t\t\t\t\tif (!rule.selectors || !rule.declarations) {","\t\t\t\t\t\treturn;","\t\t\t\t\t}","","\t\t\t\t\tthis.emit('rule', rule);","","\t\t\t\t\t// analyze each selector and declaration","\t\t\t\t\trule.selectors.forEach(function(selector) {","\t\t\t\t\t\tvar parsedSelector,","\t\t\t\t\t\t\texpressions = [],","\t\t\t\t\t\t\ti, len;","","\t\t\t\t\t\t// \"#features > div:first-child\" will become two expressions:","\t\t\t\t\t\t//  {\"combinator\":\" \",\"tag\":\"*\",\"id\":\"features\"}","\t\t\t\t\t\t//  {\"combinator\":\">\",\"tag\":\"div\",\"pseudos\":[{\"key\":\"first-child\",\"value\":null}]}","\t\t\t\t\t\tparsedSelector = slickParse(selector)[0];","","\t\t\t\t\t\tif (typeof parsedSelector === 'undefined') {","\t\t\t\t\t\t\tvar positionDump = \"Rule position start @ \" + rule.position.start.line + ':' + rule.position.start.column + \", end @ \" + rule.position.end.line + ':' + rule.position.end.column;","\t\t\t\t\t\t\tthrow this.error('Unable to parse \"' + selector + '\" selector. ' + positionDump, analyzer.EXIT_PARSING_FAILED);","\t\t\t\t\t\t}","","\t\t\t\t\t\t// convert object with keys to array with numeric index","\t\t\t\t\t\tfor (i = 0, len = parsedSelector.length; i < len; i++) {","\t\t\t\t\t\t\texpressions.push(parsedSelector[i]);","\t\t\t\t\t\t}","","\t\t\t\t\t\tthis.emit('selector', rule, selector, expressions);","","\t\t\t\t\t\texpressions.forEach(function(expression) {","\t\t\t\t\t\t\tthis.emit('expression', selector, expression);","\t\t\t\t\t\t}, this);","\t\t\t\t\t}, this);","","\t\t\t\t\trule.declarations.forEach(function(declaration) {","\t\t\t\t\t\tthis.setCurrentPosition(declaration.position);","","\t\t\t\t\t\tswitch (declaration.type) {","\t\t\t\t\t\t\tcase 'declaration':","\t\t\t\t\t\t\t\tthis.emit('declaration', rule, declaration.property, declaration.value);","\t\t\t\t\t\t\t\tbreak;","","\t\t\t\t\t\t\tcase 'comment':","\t\t\t\t\t\t\t\tthis.emit('comment', declaration.comment);","\t\t\t\t\t\t\t\tbreak;","\t\t\t\t\t\t}","\t\t\t\t\t}, this);","\t\t\t\t\tbreak;","","\t\t\t\t\t// {\"type\":\"comment\",\"comment\":\" Cached as static-css-r518-9b0f5ab4632defb55d67a1d672aa31bd120f4414 \"}","\t\t\t\tcase 'comment':","\t\t\t\t\tthis.emit('comment', rule.comment);","\t\t\t\t\tbreak;","","\t\t\t\t\t// {\"type\":\"font-face\",\"declarations\":[{\"type\":\"declaration\",\"property\":\"font-family\",\"value\":\"myFont\"...","\t\t\t\tcase 'font-face':","\t\t\t\t\tthis.emit('font-face', rule);","\t\t\t\t\tbreak;","","\t\t\t\t\t// {\"type\":\"import\",\"import\":\"url('/css/styles.css')\"}","\t\t\t\tcase 'import':","\t\t\t\t\tthis.emit('import', rule.import);","\t\t\t\t\tbreak;","\t\t\t}","\t\t}, this);","\t},","","\trun: function() {","\t\tvar stylesheet = this.tree && this.tree.stylesheet,","\t\t\trules = stylesheet && stylesheet.rules;","","\t\tthis.emit('stylesheet', stylesheet);","","\t\t// check for parsing errors (#84)","\t\tstylesheet.parsingErrors.forEach(function(err) {","\t\t\tdebug('error: %j', err);","","\t\t\tvar pos = {","\t\t\t\tline: err.line,","\t\t\t\tcolumn: err.column","\t\t\t};","\t\t\tthis.setCurrentPosition({","\t\t\t\tstart: pos,","\t\t\t\tend: pos","\t\t\t});","","\t\t\tthis.emit('error', err);","\t\t}, this);","","\t\tthis.parseRules(rules);","\t},","","\tanalyze: function(css) {","\t\tvar res,","\t\t\tthen = Date.now();","","\t\tthis.metrics = {};","\t\tthis.offenders = {};","","\t\t// load and init all rules","\t\tthis.initRules();","","\t\t// parse CSS","\t\tres = this.parseCss(css);","","\t\tif (res !== true) {","\t\t\treturn res;","\t\t}","","\t\tthis.emit('css', css);","","\t\t// now go through parsed CSS tree and emit events for rules","\t\ttry {","\t\t\tthis.run();","\t\t} catch (ex) {","\t\t\treturn ex;","\t\t}","","\t\tthis.emit('report');","","\t\tdebug('Completed in %d ms', Date.now() - then);","\t\treturn true;","\t}","};","","module.exports = analyzer;",""],"l":{"6":1,"14":1,"15":0,"18":0,"19":0,"20":0,"23":0,"24":0,"26":0,"27":0,"28":0,"32":0,"33":0,"35":0,"37":0,"38":0,"40":0,"43":0,"46":0,"49":0,"50":0,"51":0,"55":0,"61":0,"62":0,"65":0,"68":1,"71":1,"72":1,"75":1,"76":1,"77":1,"78":1,"79":1,"80":1,"82":1,"90":0,"91":0,"93":0,"99":0,"104":0,"108":0,"111":0,"116":0,"117":0,"120":0,"124":0,"125":0,"128":0,"135":0,"139":0,"144":0,"145":0,"148":0,"151":0,"155":0,"158":0,"160":0,"161":0,"162":0,"164":0,"169":0,"170":0,"172":0,"173":0,"176":0,"181":0,"182":0,"186":0,"187":0,"193":0,"195":0,"202":0,"205":0,"206":0,"209":0,"210":0,"218":0,"219":0,"222":0,"225":0,"226":0,"233":0,"235":0,"236":0,"237":0,"241":0,"242":0,"245":0,"247":0,"248":0,"252":0,"253":0,"255":0,"257":0,"258":0,"261":0,"262":0,"265":0,"269":0,"270":0,"274":0,"275":0,"279":0,"280":0,"286":0,"289":0,"292":0,"293":0,"295":0,"299":0,"304":0,"307":0,"311":0,"314":0,"315":0,"318":0,"321":0,"323":0,"324":0,"327":0,"330":0,"331":0,"333":0,"336":0,"338":0,"339":0,"343":1}},"/home/travis/build/npmtest/node-npmtest-analyze-css/node_modules/analyze-css/lib/preprocessors.js":{"path":"/home/travis/build/npmtest/node-npmtest-analyze-css/node_modules/analyze-css/lib/preprocessors.js","s":{"1":1,"2":1,"3":1,"4":0,"5":0,"6":0,"7":0,"8":0,"9":0,"10":0,"11":0,"12":0,"13":0,"14":0,"15":0,"16":0,"17":0,"18":0,"19":1},"b":{"1":[0,0],"2":[0,0]},"f":{"1":2,"2":0,"3":0,"4":0,"5":0,"6":0},"fnMap":{"1":{"name":"(anonymous_1)","line":9,"loc":{"start":{"line":9,"column":20},"end":{"line":9,"column":31}}},"2":{"name":"(anonymous_2)","line":15,"loc":{"start":{"line":15,"column":6},"end":{"line":15,"column":21}}},"3":{"name":"(anonymous_3)","line":20,"loc":{"start":{"line":20,"column":9},"end":{"line":20,"column":20}}},"4":{"name":"(anonymous_4)","line":28,"loc":{"start":{"line":28,"column":17},"end":{"line":28,"column":32}}},"5":{"name":"(anonymous_5)","line":37,"loc":{"start":{"line":37,"column":25},"end":{"line":37,"column":44}}},"6":{"name":"(anonymous_6)","line":40,"loc":{"start":{"line":40,"column":24},"end":{"line":40,"column":47}}}},"statementMap":{"1":{"start":{"line":6,"column":0},"end":{"line":7,"column":24}},"2":{"start":{"line":9,"column":0},"end":{"line":11,"column":2}},"3":{"start":{"line":13,"column":0},"end":{"line":51,"column":2}},"4":{"start":{"line":16,"column":2},"end":{"line":16,"column":63}},"5":{"start":{"line":21,"column":2},"end":{"line":22,"column":12}},"6":{"start":{"line":24,"column":2},"end":{"line":24,"column":55}},"7":{"start":{"line":25,"column":2},"end":{"line":25,"column":27}},"8":{"start":{"line":27,"column":2},"end":{"line":31,"column":3}},"9":{"start":{"line":28,"column":3},"end":{"line":30,"column":6}},"10":{"start":{"line":29,"column":4},"end":{"line":29,"column":28}},"11":{"start":{"line":33,"column":2},"end":{"line":33,"column":13}},"12":{"start":{"line":38,"column":2},"end":{"line":38,"column":23}},"13":{"start":{"line":40,"column":2},"end":{"line":47,"column":5}},"14":{"start":{"line":41,"column":3},"end":{"line":46,"column":4}},"15":{"start":{"line":42,"column":4},"end":{"line":42,"column":33}},"16":{"start":{"line":44,"column":4},"end":{"line":44,"column":62}},"17":{"start":{"line":45,"column":4},"end":{"line":4
[...]
nd":{"line":24,"column":77}}]},"3":{"line":38,"type":"if","locations":[{"start":{"line":38,"column":3},"end":{"line":38,"column":3}},{"start":{"line":38,"column":3},"end":{"line":38,"column":3}}]},"4":{"line":50,"type":"if","locations":[{"start":{"line":50,"column":4},"end":{"line":50,"column":4}},{"start":{"line":50,"column":4},"end":{"line":50,"column":4}}]},"5":{"line":50,"type":"binary-expr","locations":[{"start":{"line":50,"column":8},"end":{"line":50,"column":24}},{"start":{"line":50,"column":28},"end":{"line":50,"column":45}}]}},"code":["'use strict';","","var debug = require('debug')('analyze-css:propertyResets'),","\tformat = require('util').format,","\tshorthandProperties = require('css-shorthand-properties');","","/**"," * Detect accidental property resets"," *"," * @see http://css-tricks.com/accidental-css-resets/"," */","function rule(analyzer) {","\tvar debug = require('debug');","","\tanalyzer.setMetric('propertyResets');","","\tanalyzer.on('selector', function(rule, selector) {","\t\tvar declarations = rule.declarations || [],","\t\t\tproperties;","","\t\t// prepare the list of properties used in this selector","\t\tproperties = declarations.","\t\tmap(function(declaration) {","\t\t\treturn (declaration.type === 'declaration') ? declaration.property : false;","\t\t}).","\t\tfilter(function(item) {","\t\t\treturn item !== false;","\t\t});","","\t\tdebug('%s: %j', selector, properties);","","\t\t// iterate through all properties, expand shorthand properties and","\t\t// check if there's no expanded version of it earlier in the array","\t\tproperties.forEach(function(property, idx) {","\t\t\tvar expanded;","","\t\t\t// skip if the current property is not the shorthand version","\t\t\tif (typeof shorthandProperties.shorthandProperties[property] === 'undefined') {","\t\t\t\treturn;","\t\t\t}","","\t\t\t// property = 'margin'","\t\t\t// expanded = [ 'margin-top', 'margin-right', 'margin-bottom', 'margin-left' ]","\t\t\texpanded = shorthandProperties.expand(property);","\t\t\tdebug('%s: %s', property, expanded.join(', '));","","\t\t\texpanded.forEach(function(expandedProperty) {","\t\t\t\tvar propertyPos = properties.indexOf(expandedProperty);","","\t\t\t\tif (propertyPos > -1 && propertyPos < idx) {","\t\t\t\t\tanalyzer.incrMetric('propertyResets');","\t\t\t\t\tanalyzer.addOffender('propertyResets', format('%s: \"%s\" resets \"%s\" property set earlier', selector, property, expandedProperty));","\t\t\t\t}","\t\t\t});","\t\t});","\t});","}","","rule.description = 'Reports accidental property resets';","module.exports = rule;",""],"l":{"3":1,"12":1,"13":0,"15":0,"17":0,"18":0,"22":0,"24":0,"27":0,"30":0,"34":0,"35":0,"38":0,"39":0,"44":0,"45":0,"47":0,"48":0,"50":0,"51":0,"52":0,"59":1,"60":1}},"/home/travis/build/npmtest/node-npmtest-analyze-css/node_modules/analyze-css/rules/qualified.js":{"path":"/home/travis/build/npmtest/node-npmtest-analyze-css/node_modules/analyze-css/rules/qualified.js","s":{"1":1,"2":0,"3":0,"4":0,"5":0,"6":0,"7":0,"8":1,"9":1},"b":{"1":[0,0],"2":[0,0],"3":[0,0,0,0,0,0]},"f":{"1":0,"2":0},"fnMap":{"1":{"name":"rule","line":3,"loc":{"start":{"line":3,"column":0},"end":{"line":3,"column":24}}},"2":{"name":"(anonymous_2)","line":7,"loc":{"start":{"line":7,"column":27},"end":{"line":7,"column":58}}}},"statementMap":{"1":{"start":{"line":3,"column":0},"end":{"line":24,"column":1}},"2":{"start":{"line":4,"column":1},"end":{"line":4,"column":42}},"3":{"start":{"line":7,"column":1},"end":{"line":23,"column":4}},"4":{"start":{"line":8,"column":2},"end":{"line":10,"column":35}},"5":{"start":{"line":12,"column":2},"end":{"line":22,"column":3}},"6":{"start":{"line":20,"column":3},"end":{"line":20,"column":45}},"7":{"start":{"line":21,"column":3},"end":{"line":21,"column":56}},"8":{"start":{"line":26,"column":0},"end":{"line":26,"column":49}},"9":{"start":{"line":27,"column":0},"end":{"line":27,"column":22}}},"branchMap":{"1":{"line":9,"type":"binary-expr","locations":[{"start":{"line":9,"column":12},"end":{"line":9,"column":26}},{"start":{"line":9,"column":30},"end":{"line":9,"column":52}}]},"2":{"line":12,"type":"if","locations":[{"start":{"line":12,"column":2},"end":{"line":12,"column":2}},{"start":{"line":12,"column":2},"end":{"line":12,"column":2}}]},"3":{"line":14,"type":"binary-expr","locations":[{"start":{"line":14,"column":4},"end":{"line":14,"column":9}},{"start":{"line":14,"column":13},"end":{"line":14,"column":19}},{"start":{"line":16,"column":4},"end":{"line":16,"column":9}},{"start":{"line":16,"column":13},"end":{"line":16,"column":21}},{"start":{"line":18,"column":4},"end":{"line":18,"column":12}},{"start":{"line":18,"column":16},"end":{"line":18,"column":22}}]}},"code":["'use strict';","","function rule(analyzer) {","\tanalyzer.setMetric('qualifiedSelectors');","","\t// @see https://developer.mozilla.org/en-US/docs/Web/Guide/CSS/Writing_efficient_CSS","\tanalyzer.on('expression', function(selector, expression) {","\t\tvar hasId = expression.id,","\t\t\thasTag = expression.tag && expression.tag !== '*',","\t\t\thasClass = expression.classList;","","\t\tif (","\t\t\t// tag#id","\t\t\t(hasId && hasTag) ||","\t\t\t// .class#id","\t\t\t(hasId && hasClass) ||","\t\t\t// tag.class","\t\t\t(hasClass && hasTag)","\t\t) {","\t\t\tanalyzer.incrMetric('qualifiedSelectors');","\t\t\tanalyzer.addOffender('qualifiedSelectors', selector);","\t\t}","\t});","}","","rule.description = 'Reports qualified selectors';","module.exports = rule;",""],"l":{"3":1,"4":0,"7":0,"8":0,"12":0,"20":0,"21":0,"26":1,"27":1}},"/home/travis/build/npmtest/node-npmtest-analyze-css/node_modules/analyze-css/rules/specificity.js":{"path":"/home/travis/build/npmtest/node-npmtest-analyze-css/node_modules/analyze-css/rules/specificity.js","s":{"1":1,"2":1,"3":0,"4":0,"5":0,"6":0,"7":0,"8":0,"9":0,"10":0,"11":0,"12":0,"13":0,"14":0,"15":0,"16":0,"17":0,"18":0,"19":0,"20":0,"21":0,"22":0,"23":0,"24":1,"25":1},"b":{"1":[0,0]},"f":{"1":0,"2":0,"3":0,"4":0,"5":0,"6":0,"7":0},"fnMap":{"1":{"name":"rule","line":7,"loc":{"start":{"line":7,"column":0},"end":{"line":7,"column":24}}},"2":{"name":"(anonymous_2)","line":13,"loc":{"start":{"line":13,"column":15},"end":{"line":13,"column":30}}},"3":{"name":"(anonymous_3)","line":20,"loc":{"start":{"line":20,"column":25},"end":{"line":20,"column":63}}},"4":{"name":"(anonymous_4)","line":33,"loc":{"start":{"line":33,"column":6},"end":{"line":33,"column":18}}},"5":{"name":"(anonymous_5)","line":40,"loc":{"start":{"line":40,"column":16},"end":{"line":40,"column":35}}},"6":{"name":"(anonymous_6)","line":45,"loc":{"start":{"line":45,"column":23},"end":{"line":45,"column":34}}},"7":{"name":"(anonymous_7)","line":48,"loc":{"start":{"line":48,"column":16},"end":{"line":48,"column":36}}}},"statementMap":{"1":{"start":{"line":3,"column":0},"end":{"line":5,"column":37}},"2":{"start":{"line":7,"column":0},"end":{"line":55,"column":1}},"3":{"start":{"line":8,"column":1},"end":{"line":10,"column":14}},"4":{"start":{"line":13,"column":1},"end":{"line":18,"column":4}},"5":{"start":{"line":14,"column":2},"end":{"line":14,"column":51}},"6":{"start":{"line":15,"column":2},"end":{"line":15,"column":53}},"7":{"start":{"line":17,"column":2},"end":{"line":17,"column":27}},"8":{"start":{"line":20,"column":1},"end":{"line":43,"column":4}},"9":{"start":{"line":21,"column":2},"end":{"line":22,"column":9}},"10":{"start":{"line":24,"column":2},"end":{"line":27,"column":3}},"11":{"start":{"line":25,"column":3},"end":{"line":25,"column":42}},"12":{"start":{"line":26,"column":3},"end":{"line":26,"column":10}},"13":{"start":{"line":30,"column":2},"end":{"line":35,"column":5}},"14":{"start":{"line":34,"column":3},"end":{"line":34,"column":26}},"15":{"start":{"line":37,"column":2},"end":{"line":37,"column":44}},"16":{"start":{"line":40,"column":2},"end":{"line":42,"column":5}},"17":{"start":{"line":41,"column":3},"end":{"line":41,"column":25}},"18":{"start":{"line":45,"column":1},"end":{"line":54,"column":4}},"19":{"start":{"line":46,"column":2},"end":{"line":46,"column":30}},"20":{"start":{"line":48,"column":2},"end":{"line":51,"column":5}},"21":{"start":{"line":49,"column":3},"end":{"line":49,"column":96}},"22":{"start":{"line":50,"column":3},"end":{"line":50,"column":71}},"23":{"start":{"line":53,"column":2},"end":{"line":53,"column":16}},"24":{"start":{"line":59,"column":0},"end":{"line":59,"column":47}},"25":{"start":{"line":60,"column":0},"end":{"line":60,"column":22}}},"branchMap":{"1":{"line":24,"type":"if","locations":[{"start":{"line":24,"column":2},"end":{"line":24,"column":2}},{"start":{"line":24,"column":2},"end":{"line":24,"column":2}}]}},"code":["'use strict';","","var debug = require('debug')('analyze-css:specificity'),","\tspecificity = require('specificity'),","\tstats = require('fast-stats').Stats;","","function rule(analyzer) {","\tvar types = ['Id', 'Class', 'Tag'],","\t\ttypesLen = types.length,","\t\tvalues = [];","","\t// prepare metrics and stacks for values","\ttypes.forEach(function(type) {","\t\tanalyzer.setMetric('specificity' + type + 'Avg');","\t\tanalyzer.setMetric('specificity' + type + 'Total');","","\t\tvalues.push(new stats());","\t});","","\tanalyzer.on('selector', function(rule, selector, expressions) {","\t\tvar selectorSpecificity = specificity.calculate(selector),","\t\t\tparts;","","\t\tif (!selectorSpecificity) {","\t\t\tdebug('not counted for %s!', selector);","\t\t\treturn;","\t\t}","","\t\t// parse the results","\t\tparts = selectorSpecificity[0].specificity.","\t\tsplit(',').","\t\tslice(1).","\t\tmap(function(i) {","\t\t\treturn parseInt(i, 10);","\t\t});","","\t\tdebug('%s: %s', selector, parts.join(''));","","\t\t// add each piece to a separate stack","\t\tparts.forEach(function(val, idx) {","\t\t\tvalues[idx].push(val);","\t\t});","\t});","","\tanalyzer.on('report', function() {","\t\tdebug('Gathering stats...');","","\t\ttypes.forEach(function(type, idx) {","\t\t\tanalyzer.setMetric('specificity' + type + 'Avg', parseFloat(values[idx].amean().toFixed(2)));","\t\t\tanalyzer.setMetric('specificity' + type + 'Total', values[idx].Σ());","\t\t});","","\t\tdebug('Done');","\t});","}","","// @see http://www.w3.org/TR/css3-selectors/#specificity","// @see http://css-tricks.com/specifics-on-css-specificity/","rule.description = 'Reports rules specificity';","module.exports = rule;",""],"l":{"3":1,"7":1,"8":0,"13":0,"14":0,"15":0,"17":0,"20":0,"21":0,"24":0,"25":0,"26":0,"30":0,"34":0,"37":0,"40":0,"41":0,"45":0,"46":0,"48":0,"49":0,"50":0,"53":0,"59":1,"60":1}},"/home/travis/build/npmtest/node-npmtest-analyze-css/node_modules/analyze-css/rules/stats.js":{"path":"/home/travis/build/npmtest/node-npmtest-analyze-css/node_modules/analyze-css/rules/stats.js","s":{"1":1,"2":0,"3":0,"4":0,"5":0,"6":0,"7":0,"8":0,"9":0,"10":0,"11":0,"12":0,"13":0,"14":0,"15":0,"16":0,"17":0,"18":0,"19":0,"20":0,"21":0,"22":0,"23":0,"24":0,"25":0,"26":0,"27":0,"28":0,"29":0,"30":0,"31":1,"32":1},"b":{"1":[0,0],"2":[0,0],"3":[0,0],"4":[0,0],"5":[0,0],"6":[0,0]},"f":{"1":0,"2":0,"3":0,"4":0,"5":0,"6":0},"fnMap":{"1":{"name":"rule","line":3,"loc":{"start":{"line":3,"column":0},"end":{"line":3,"column":24}}},"2":{"name":"(anonymous_2)","line":16,"loc":{"start":{"line":16,"column":21},"end":{"line":16,"column":32}}},"3":{"name":"(anonymous_3)","line":20,"loc":{"start":{"line":20,"column":25},"end":{"line":20,"column":63}}},"4":{"name":"(anonymous_4)","line":25,"loc":{"start":{"line":25,"column":28},"end":{"line":25,"column":39}}},"5":{"name":"(anonymous_5)","line":29,"loc":{"start":{"line":29,"column":27},"end":{"line":29,"column":58}}},"6":{"name":"(anonymous_6)","line":56,"loc":{"start":{"line":56,"column":23},"end":{"line":56,"column":34}}}},"statementMap":{"1":{"start":{"line":3,"column":0},"end":{"line":60,"column":1}},"2":{"start":{"line":4,"column":1},"end":{"line":5,"column":22}},"3":{"start":{"line":7,"column":1},"end":{"line":7,"column":33}},"4":{"start":{"line":8,"column":1},"end":{"line":8,"column":41}},"5":{"start":{"line":10,"column":1},"end":{"line":10,"column":44}},"6":{"start":{"line":11,"column":1},"end":{"line":11,"column":40}},"7":{"start":{"line":12,"column":1},"end":{"line":12,"column":37}},"8":{"start":{"line":13,"column":1},"end":{"line":13,"column":41}},"9":{"start":{"line":14,"column":1},"end":{"line":14,"column":38}},"10":{"start":{"line":16,"column":1},"end":{"line":18,"column":4}},"11":{"start":{"line":17,"column":2},"end":{"line":17,"column":31}},"12":{"start":{"line":20,"column":1},"end":{"line":23,"column":4}},"13":{"start":{"line":21,"column":2},"end":{"line":21,"column":17}},"14":{"start":{"line":22,"column":2},"end":{"line":22,"column":40}},"15":{"start":{"line":25,"column":1},"end":{"line":27,"column":4}},"16":{"start":{"line":26,"column":2},"end":{"line":26,"column":38}},"17":{"start":{"line":29,"column":1},"end":{"line":54,"column":4}},"18":{"start":{"line":31,"column":2},"end":{"line":33,"column":3}},"19":{"start":{"line":32,"column":3},"end":{"line":32,"column":47}},"20":{"start":{"line":36,"column":2},"end":{"line":38,"column":3}},"21":{"start":{"line":37,"column":3},"end":{"line":37,"column":43}},"22":{"start":{"line":41,"column":2},"end":{"line":43,"column":3}},"23":{"start":{"line":42,"column":3},"end":{"line":42,"column":40}},"24":{"start":{"line":46,"column":2},"end":{"line":48,"column":3}},"25":{"start":{"line":47,"column":3},"end":{"line":47,"column":44}},"26":{"start":{"line":51,"column":2},"end":{"line":53,"column":3}},"27":{"start":{"line":52,"column":3},"end":{"line":52,"column":41}},"28":{"start":{"line":56,"column":1},"end":{"line":59,"column":4}},"29":{"start":{"line":57,"column":2},"end":{"line":57,"column":45}},"30":{"start":{"line":58,"column":2},"end":{"line":58,"column":71}},"31":{"start":{"line":62,"column":0},"end":{"line":62,"column":36}},"32":{"start":{"line":63,"column":0},"end":{"line":63,"column":22}}},"branchMap":{"1":{"line":31,"type":"if","locations":[{"start":{"line":31,"column":2},"end":{"line":31,"column":2}},{"start":{"line":31,"column":2},"end":{"line":31,"column":2}}]},"2":{"line":36,"type":"if","locations":[{"start":{"line":36,"column":2},"end":{"line":36,"column":2}},{"start":{"line":36,"column":2},"end":{"line":36,"column":2}}]},"3":{"line":41,"type":"if","locations":[{"start":{"line":41,"column":2},"end":{"line":41,"column":2}},{"start":{"line":41,"column":2},"end":{"line":41,"column":2}}]},"4":{"line":46,"type":"if","locations":[{"start":{"line":46,"column":2},"end":{"line":46,"column":2}},{"start":{"line":46,"column":2},"end":{"line":46,"column":2}}]},"5":{"line":51,"type":"if","locations":[{"start":{"line":51,"column":2},"end":{"line":51,"column":2}},{"start":{"line":51,"column":2},"end":{"line":51,"column":2}}]},"6":{"line":51,"type":"binary-expr","locations":[{"start":{"line":51,"column":6},"end":{"line":51,"column":20}},{"start":{"line":51,"column":24},"end":{"line":51,"column":46}}]}},"code":["'use strict';","","function rule(analyzer) {","\tvar selectors = 0,","\t\tselectorsLength = 0;","","\tanalyzer.setMetric('selectors');","\tanalyzer.setMetric('selectorLengthAvg');","","\tanalyzer.setMetric('selectorsByAttribute');","\tanalyzer.setMetric('selectorsByClass');","\tanalyzer.setMetric('selectorsById');","\tanalyzer.setMetric('selectorsByPseudo');","\tanalyzer.setMetric('selectorsByTag');","","\tanalyzer.on('rule', function() {","\t\tanalyzer.incrMetric('rules');","\t});","","\tanalyzer.on('selector', function(rule, selector, expressions) {","\t\tselectors += 1;","\t\tselectorsLength += expressions.length;","\t});","","\tanalyzer.on('declaration', function() {","\t\tanalyzer.incrMetric('declarations');","\t});","","\tanalyzer.on('expression', function(selector, expression) {","\t\t// a[href]","\t\tif (expression.attributes) {","\t\t\tanalyzer.incrMetric('selectorsByAttribute');","\t\t}","","\t\t// .bar","\t\tif (expression.classList) {","\t\t\tanalyzer.incrMetric('selectorsByClass');","\t\t}","","\t\t// @foo","\t\tif (expression.id) {","\t\t\tanalyzer.incrMetric('selectorsById');","\t\t}","","\t\t// a:hover","\t\tif (expression.pseudos) {","\t\t\tanalyzer.incrMetric('selectorsByPseudo');","\t\t}","","\t\t// header","\t\tif (expression.tag && expression.tag !== '*') {","\t\t\tanalyzer.incrMetric('selectorsByTag');","\t\t}","\t});","","\tanalyzer.on('report', function() {","\t\tanalyzer.setMetric('selectors', selectors);","\t\tanalyzer.setMetric('selectorLengthAvg', selectorsLength / selectors);","\t});","}","","rule.description = 'Emit CSS stats';","module.exports = rule;",""],"l":{"3":1,"4":0,"7":0,"8":0,"10":0,"11":0,"12":0,"13":0,"14":0,"16":0,"17":0,"20":0,"21":0,"22":0,"25":0,"26":0,"29":0,"31":0,"32":0,"36":0,"37":0,"41":0,"42":0,"46":0,"47":0,"51":0,"52":0,"56":0,"57":0,"58":0,"62":1,"63":1}},"/home/travis/build/npmtest/node-npmtest-analyze-css/node_modules/analyze-css/lib/preprocessors/sass.js":{"path":"/home/travis/build/npmtest/node-npmtest-analyze-css/node_modules/analyze-css/lib/preprocessors/sass.js","s":{"1":1,"2":1,"3":0,"4":0,"5":0,"6":0,"7":0,"8":0,"9":0,"10":0,"11":0,"12":0,"13":0,"14":0,"15":0,"16":0},"b":{},"f":{"1":0,"2":0},"fnMap":{"1":{"name":"(anonymous_1)","line":13,"loc":{"start":{"line":13,"column":18},"end":{"line":13,"column":37}}},"2":{"name":"(anonymous_2)","line":16,"loc":{"start":{"line":16,"column":10},"end":{"line":16,"column":33}}}},"statementMap":{"1":{"start":{"line":8,"column":0},"end":{"line":8,"column":63}},"2":{"start":{"line":10,"column":0},"end":{"line":58,"column":2}},"3":{"start":{"line":14,"column":2},"end":{"line":14,"column":41}},"4":{"start":{"line":17,"column":2},"end":{"line":19,"column":7}},"5":{"start":{"line":22,"column":2},"end":{"line":26,"column":3}},"6":{"start":{"line":23,"column":3},"end":{"line":23,"column":31}},"7":{"start":{"line":25,"column":3},"end":{"line":25,"column":82}},"8":{"start":{"line":28,"column":2},"end":{"line":28,"column":46}},"9":{"start":{"line":29,"column":2},"end":{"line":29,"column":47}},"10":{"start":{"line":31,"column":2},"end":{"line":54,"column":3}},"11":{"start":{"line":33,"column":3},"end":{"line":33,"column":38}},"12":{"start":{"line":35,"column":3},"end":{"line":41,"column":6}},"13":{"start":{"line":44,"column":3},"end":{"line":44,"column":47}},"14":{"start":{"line":45,"column":3},"end":{"line":45,"column":52}},"15":{"start":{"line":47,"column":3},"end":{"line":53,"column":6}},"16":{"start":{"line":56,"column":2},"end":{"line":56,"column":28}}},"branchMap":{},"code":["/**"," * SASS preprocessor"," *"," * @see https://www.npmjs.org/package/node-sass"," */","'use strict';","","var debug = require('debug')('analyze-css:preprocessors:sass');","","module.exports = {","","\tname: 'sass',","\tmatchesFileName: function(fileName) {","\t\treturn /\\.(scss|sass)$/.test(fileName);","\t},","\tprocess: function(css, options) {","\t\tvar path = require('path'),","\t\t\tsass,","\t\t\tout;","","\t\t// check the presense of the optional \"node-sass\" module (#118)","\t\ttry {","\t\t\tsass = require('node-sass');","\t\t} catch (e) {","\t\t\tthrow new Error(\"Can't process SASS/SCSS, please run 'npm install node-sass'\");","\t\t}","","\t\tvar includeDir = path.dirname(options.file);","\t\tdebug('Using \"%s\" include path', includeDir);","","\t\ttry {","\t\t\t// 1: try to parse using SCSS syntax (i.e. with brackets)","\t\t\tdebug('Parsing using SCSS syntax');","","\t\t\tout = sass.renderSync({","\t\t\t\tdata: css,","\t\t\t\tindentedSyntax: false,","\t\t\t\tincludePaths: [","\t\t\t\t\tincludeDir","\t\t\t\t]","\t\t\t});","\t\t} catch (e) {","\t\t\t// 2: try to parse using SASS syntax (i.e. with indends) - issue #79","\t\t\tdebug('Exception: %s', e.toString().trim());","\t\t\tdebug('Parsing using SASS syntax as a fallback');","","\t\t\tout = sass.renderSync({","\t\t\t\tdata: css,","\t\t\t\tindentedSyntax: true,","\t\t\t\tincludePaths: [","\t\t\t\t\tincludeDir","\t\t\t\t]","\t\t\t});","\t\t}","","\t\treturn out.css.toString();","\t}","};",""],"l":{"8":1,"10":1,"14":0,"17":0,"22":0,"23":0,"25":0,"28":0,"29":0,"31":0,"33":0,"35":0,"44":0,"45":0,"47":0,"56":0}}}